<?xml version="1.0" encoding="UTF-8"?>
<testng-results skipped="1" failed="57" ignored="0" total="241" passed="183">
  <reporter-output>
  </reporter-output>
  <suite name="TestNGSuite" duration-ms="5482589" started-at="2019-12-13T05:31:20Z" finished-at="2019-12-13T07:02:43Z">
    <groups>
    </groups>
    <test name="test2" duration-ms="5482589" started-at="2019-12-13T05:31:20Z" finished-at="2019-12-13T07:02:43Z">
      <class name="com.edu.wangna.test.Administration_2_1">
        <test-method status="PASS" signature="doBeforeClass()[pri:0, instance:com.edu.wangna.test.Administration_2_1@66480dd7]" name="doBeforeClass" is-config="true" duration-ms="9444" started-at="2019-12-13T05:59:37Z" finished-at="2019-12-13T05:59:46Z">
          <reporter-output>
          </reporter-output>
        </test-method> <!-- doBeforeClass -->
        <test-method status="FAIL" signature="test1()[pri:0, instance:com.edu.wangna.test.Administration_2_1@66480dd7]" name="test1" duration-ms="36932" started-at="2019-12-13T05:59:46Z" description="新增固定资产" finished-at="2019-12-13T06:00:23Z">
          <exception class="org.openqa.selenium.WebDriverException">
            <message>
              <![CDATA[TypeError: can't access dead object
Build info: version: '3.141.59', revision: 'e82be7d358', time: '2018-11-14T08:25:53'
System info: host: '小琪琪的XPRO', ip: '169.254.129.110', os.name: 'Windows 10', os.arch: 'amd64', os.version: '10.0', java.version: '1.8.0_171'
Driver info: org.openqa.selenium.firefox.FirefoxDriver
Capabilities {acceptInsecureCerts: true, browserName: firefox, browserVersion: 65.0.2, javascriptEnabled: true, moz:accessibilityChecks: false, moz:geckodriverVersion: 0.24.0, moz:headless: false, moz:processID: 19180, moz:profile: C:\Users\李嘉琪\AppData\Local\..., moz:shutdownTimeout: 60000, moz:useNonSpecCompliantPointerOrigin: false, moz:webdriverClick: true, pageLoadStrategy: normal, platform: WINDOWS, platformName: WINDOWS, platformVersion: 10.0, rotatable: false, setWindowRect: true, strictFileInteractability: false, timeouts: {implicit: 0, pageLoad: 300000, script: 30000}, unhandledPromptBehavior: dismiss and notify}
Session ID: 668b68df-e664-415c-9de2-ed881f12b834]]>
            </message>
            <full-stacktrace>
              <![CDATA[org.openqa.selenium.WebDriverException: TypeError: can't access dead object
Build info: version: '3.141.59', revision: 'e82be7d358', time: '2018-11-14T08:25:53'
System info: host: '小琪琪的XPRO', ip: '169.254.129.110', os.name: 'Windows 10', os.arch: 'amd64', os.version: '10.0', java.version: '1.8.0_171'
Driver info: org.openqa.selenium.firefox.FirefoxDriver
Capabilities {acceptInsecureCerts: true, browserName: firefox, browserVersion: 65.0.2, javascriptEnabled: true, moz:accessibilityChecks: false, moz:geckodriverVersion: 0.24.0, moz:headless: false, moz:processID: 19180, moz:profile: C:\Users\李嘉琪\AppData\Local\..., moz:shutdownTimeout: 60000, moz:useNonSpecCompliantPointerOrigin: false, moz:webdriverClick: true, pageLoadStrategy: normal, platform: WINDOWS, platformName: WINDOWS, platformVersion: 10.0, rotatable: false, setWindowRect: true, strictFileInteractability: false, timeouts: {implicit: 0, pageLoad: 300000, script: 30000}, unhandledPromptBehavior: dismiss and notify}
Session ID: 668b68df-e664-415c-9de2-ed881f12b834
at sun.reflect.NativeConstructorAccessorImpl.newInstance0(Native Method)
at sun.reflect.NativeConstructorAccessorImpl.newInstance(NativeConstructorAccessorImpl.java:62)
at sun.reflect.DelegatingConstructorAccessorImpl.newInstance(DelegatingConstructorAccessorImpl.java:45)
at java.lang.reflect.Constructor.newInstance(Constructor.java:423)
at org.openqa.selenium.remote.http.W3CHttpResponseCodec.createException(W3CHttpResponseCodec.java:187)
at org.openqa.selenium.remote.http.W3CHttpResponseCodec.decode(W3CHttpResponseCodec.java:122)
at org.openqa.selenium.remote.http.W3CHttpResponseCodec.decode(W3CHttpResponseCodec.java:49)
at org.openqa.selenium.remote.HttpCommandExecutor.execute(HttpCommandExecutor.java:158)
at org.openqa.selenium.remote.service.DriverCommandExecutor.execute(DriverCommandExecutor.java:83)
at org.openqa.selenium.remote.RemoteWebDriver.execute(RemoteWebDriver.java:552)
at org.openqa.selenium.remote.RemoteWebDriver.execute(RemoteWebDriver.java:609)
at org.openqa.selenium.remote.RemoteWebDriver.getPageSource(RemoteWebDriver.java:438)
at com.edu.core.WebDriverEngine.isTextPresent(WebDriverEngine.java:116)
at com.edu.wangna.test.Administration_2_1.test1(Administration_2_1.java:38)
at sun.reflect.NativeMethodAccessorImpl.invoke0(Native Method)
at sun.reflect.NativeMethodAccessorImpl.invoke(NativeMethodAccessorImpl.java:62)
at sun.reflect.DelegatingMethodAccessorImpl.invoke(DelegatingMethodAccessorImpl.java:43)
at java.lang.reflect.Method.invoke(Method.java:498)
at org.testng.internal.MethodInvocationHelper.invokeMethod(MethodInvocationHelper.java:124)
at org.testng.internal.Invoker.invokeMethod(Invoker.java:583)
at org.testng.internal.Invoker.invokeTestMethod(Invoker.java:719)
at org.testng.internal.Invoker.invokeTestMethods(Invoker.java:989)
at org.testng.internal.TestMethodWorker.invokeTestMethods(TestMethodWorker.java:125)
at org.testng.internal.TestMethodWorker.run(TestMethodWorker.java:109)
at org.testng.TestRunner.privateRun(TestRunner.java:648)
at org.testng.TestRunner.run(TestRunner.java:505)
at org.testng.SuiteRunner.runTest(SuiteRunner.java:455)
at org.testng.SuiteRunner.runSequentially(SuiteRunner.java:450)
at org.testng.SuiteRunner.privateRun(SuiteRunner.java:415)
at org.testng.SuiteRunner.run(SuiteRunner.java:364)
at org.testng.SuiteRunnerWorker.runSuite(SuiteRunnerWorker.java:52)
at org.testng.SuiteRunnerWorker.run(SuiteRunnerWorker.java:84)
at org.testng.TestNG.runSuitesSequentially(TestNG.java:1208)
at org.testng.TestNG.runSuitesLocally(TestNG.java:1137)
at org.testng.TestNG.runSuites(TestNG.java:1049)
at org.testng.TestNG.run(TestNG.java:1017)
at org.testng.remote.AbstractRemoteTestNG.run(AbstractRemoteTestNG.java:115)
at org.testng.remote.RemoteTestNG.initAndRun(RemoteTestNG.java:251)
at org.testng.remote.RemoteTestNG.main(RemoteTestNG.java:77)
]]>
            </full-stacktrace>
          </exception> <!-- org.openqa.selenium.WebDriverException -->
          <reporter-output>
          </reporter-output>
        </test-method> <!-- test1 -->
        <test-method status="PASS" signature="doAfterClass()[pri:0, instance:com.edu.wangna.test.Administration_2_1@66480dd7]" name="doAfterClass" is-config="true" duration-ms="3930" started-at="2019-12-13T06:00:23Z" finished-at="2019-12-13T06:00:27Z">
          <reporter-output>
          </reporter-output>
        </test-method> <!-- doAfterClass -->
      </class> <!-- com.edu.wangna.test.Administration_2_1 -->
      <class name="com.edu.hml.personal.DeleteSessionRecord">
        <test-method status="PASS" signature="doBeforeClass()[pri:0, instance:com.edu.hml.personal.DeleteSessionRecord@31dc339b]" name="doBeforeClass" is-config="true" duration-ms="13376" started-at="2019-12-13T05:53:13Z" finished-at="2019-12-13T05:53:26Z">
          <reporter-output>
          </reporter-output>
        </test-method> <!-- doBeforeClass -->
        <test-method status="FAIL" signature="test1()[pri:0, instance:com.edu.hml.personal.DeleteSessionRecord@31dc339b]" name="test1" duration-ms="12915" started-at="2019-12-13T05:53:26Z" description="删除我的会话记录" finished-at="2019-12-13T05:53:39Z">
          <exception class="org.openqa.selenium.ElementClickInterceptedException">
            <message>
              <![CDATA[Element <button class="btn btn-danger" type="button"> is not clickable at point (1455,121) because another element <div id="notify_show_systodo" class="animate slideInRight boxs"> obscures it
Build info: version: '3.141.59', revision: 'e82be7d358', time: '2018-11-14T08:25:53'
System info: host: '小琪琪的XPRO', ip: '169.254.129.110', os.name: 'Windows 10', os.arch: 'amd64', os.version: '10.0', java.version: '1.8.0_171'
Driver info: org.openqa.selenium.firefox.FirefoxDriver
Capabilities {acceptInsecureCerts: true, browserName: firefox, browserVersion: 65.0.2, javascriptEnabled: true, moz:accessibilityChecks: false, moz:geckodriverVersion: 0.24.0, moz:headless: false, moz:processID: 18236, moz:profile: C:\Users\李嘉琪\AppData\Local\..., moz:shutdownTimeout: 60000, moz:useNonSpecCompliantPointerOrigin: false, moz:webdriverClick: true, pageLoadStrategy: normal, platform: WINDOWS, platformName: WINDOWS, platformVersion: 10.0, rotatable: false, setWindowRect: true, strictFileInteractability: false, timeouts: {implicit: 0, pageLoad: 300000, script: 30000}, unhandledPromptBehavior: dismiss and notify}
Session ID: e465b229-8465-434c-8d6f-1193eafad25c]]>
            </message>
            <full-stacktrace>
              <![CDATA[org.openqa.selenium.ElementClickInterceptedException: Element <button class="btn btn-danger" type="button"> is not clickable at point (1455,121) because another element <div id="notify_show_systodo" class="animate slideInRight boxs"> obscures it
Build info: version: '3.141.59', revision: 'e82be7d358', time: '2018-11-14T08:25:53'
System info: host: '小琪琪的XPRO', ip: '169.254.129.110', os.name: 'Windows 10', os.arch: 'amd64', os.version: '10.0', java.version: '1.8.0_171'
Driver info: org.openqa.selenium.firefox.FirefoxDriver
Capabilities {acceptInsecureCerts: true, browserName: firefox, browserVersion: 65.0.2, javascriptEnabled: true, moz:accessibilityChecks: false, moz:geckodriverVersion: 0.24.0, moz:headless: false, moz:processID: 18236, moz:profile: C:\Users\李嘉琪\AppData\Local\..., moz:shutdownTimeout: 60000, moz:useNonSpecCompliantPointerOrigin: false, moz:webdriverClick: true, pageLoadStrategy: normal, platform: WINDOWS, platformName: WINDOWS, platformVersion: 10.0, rotatable: false, setWindowRect: true, strictFileInteractability: false, timeouts: {implicit: 0, pageLoad: 300000, script: 30000}, unhandledPromptBehavior: dismiss and notify}
Session ID: e465b229-8465-434c-8d6f-1193eafad25c
at sun.reflect.NativeConstructorAccessorImpl.newInstance0(Native Method)
at sun.reflect.NativeConstructorAccessorImpl.newInstance(NativeConstructorAccessorImpl.java:62)
at sun.reflect.DelegatingConstructorAccessorImpl.newInstance(DelegatingConstructorAccessorImpl.java:45)
at java.lang.reflect.Constructor.newInstance(Constructor.java:423)
at org.openqa.selenium.remote.http.W3CHttpResponseCodec.createException(W3CHttpResponseCodec.java:187)
at org.openqa.selenium.remote.http.W3CHttpResponseCodec.decode(W3CHttpResponseCodec.java:122)
at org.openqa.selenium.remote.http.W3CHttpResponseCodec.decode(W3CHttpResponseCodec.java:49)
at org.openqa.selenium.remote.HttpCommandExecutor.execute(HttpCommandExecutor.java:158)
at org.openqa.selenium.remote.service.DriverCommandExecutor.execute(DriverCommandExecutor.java:83)
at org.openqa.selenium.remote.RemoteWebDriver.execute(RemoteWebDriver.java:552)
at org.openqa.selenium.remote.RemoteWebElement.execute(RemoteWebElement.java:285)
at org.openqa.selenium.remote.RemoteWebElement.click(RemoteWebElement.java:84)
at com.webtest.core.WebDriverEngine.click(WebDriverEngine.java:145)
at com.edu.hml.personal.DeleteSessionRecord.test1(DeleteSessionRecord.java:24)
at sun.reflect.NativeMethodAccessorImpl.invoke0(Native Method)
at sun.reflect.NativeMethodAccessorImpl.invoke(NativeMethodAccessorImpl.java:62)
at sun.reflect.DelegatingMethodAccessorImpl.invoke(DelegatingMethodAccessorImpl.java:43)
at java.lang.reflect.Method.invoke(Method.java:498)
at org.testng.internal.MethodInvocationHelper.invokeMethod(MethodInvocationHelper.java:124)
at org.testng.internal.Invoker.invokeMethod(Invoker.java:583)
at org.testng.internal.Invoker.invokeTestMethod(Invoker.java:719)
at org.testng.internal.Invoker.invokeTestMethods(Invoker.java:989)
at org.testng.internal.TestMethodWorker.invokeTestMethods(TestMethodWorker.java:125)
at org.testng.internal.TestMethodWorker.run(TestMethodWorker.java:109)
at org.testng.TestRunner.privateRun(TestRunner.java:648)
at org.testng.TestRunner.run(TestRunner.java:505)
at org.testng.SuiteRunner.runTest(SuiteRunner.java:455)
at org.testng.SuiteRunner.runSequentially(SuiteRunner.java:450)
at org.testng.SuiteRunner.privateRun(SuiteRunner.java:415)
at org.testng.SuiteRunner.run(SuiteRunner.java:364)
at org.testng.SuiteRunnerWorker.runSuite(SuiteRunnerWorker.java:52)
at org.testng.SuiteRunnerWorker.run(SuiteRunnerWorker.java:84)
at org.testng.TestNG.runSuitesSequentially(TestNG.java:1208)
at org.testng.TestNG.runSuitesLocally(TestNG.java:1137)
at org.testng.TestNG.runSuites(TestNG.java:1049)
at org.testng.TestNG.run(TestNG.java:1017)
at org.testng.remote.AbstractRemoteTestNG.run(AbstractRemoteTestNG.java:115)
at org.testng.remote.RemoteTestNG.initAndRun(RemoteTestNG.java:251)
at org.testng.remote.RemoteTestNG.main(RemoteTestNG.java:77)
]]>
            </full-stacktrace>
          </exception> <!-- org.openqa.selenium.ElementClickInterceptedException -->
          <reporter-output>
          </reporter-output>
        </test-method> <!-- test1 -->
        <test-method status="PASS" signature="doAfterClass()[pri:0, instance:com.edu.hml.personal.DeleteSessionRecord@31dc339b]" name="doAfterClass" is-config="true" duration-ms="3862" started-at="2019-12-13T05:53:39Z" finished-at="2019-12-13T05:53:43Z">
          <reporter-output>
          </reporter-output>
        </test-method> <!-- doAfterClass -->
      </class> <!-- com.edu.hml.personal.DeleteSessionRecord -->
      <class name="com.edu.wangna.test.Administration_2_2">
        <test-method status="PASS" signature="doBeforeClass()[pri:0, instance:com.edu.wangna.test.Administration_2_2@52a86356]" name="doBeforeClass" is-config="true" duration-ms="9472" started-at="2019-12-13T06:00:27Z" finished-at="2019-12-13T06:00:36Z">
          <reporter-output>
          </reporter-output>
        </test-method> <!-- doBeforeClass -->
        <test-method status="SKIP" signature="test1(java.lang.String)[pri:0, instance:com.edu.wangna.test.Administration_2_2@52a86356]" name="test1" duration-ms="0" started-at="2019-12-13T06:00:36Z" description="新增固定资产" data-provider="zichan" finished-at="2019-12-13T06:00:36Z">
          <exception class="java.lang.RuntimeException">
            <message>
              <![CDATA[java.lang.IllegalStateException: Cannot get a STRING value from a NUMERIC cell]]>
            </message>
            <full-stacktrace>
              <![CDATA[java.lang.RuntimeException: java.lang.IllegalStateException: Cannot get a STRING value from a NUMERIC cell
at org.testng.internal.MethodInvocationHelper.invokeMethodNoCheckedException(MethodInvocationHelper.java:49)
at org.testng.internal.MethodInvocationHelper.invokeDataProvider(MethodInvocationHelper.java:131)
at org.testng.internal.Parameters.handleParameters(Parameters.java:706)
at org.testng.internal.ParameterHandler.handleParameters(ParameterHandler.java:49)
at org.testng.internal.ParameterHandler.createParameters(ParameterHandler.java:37)
at org.testng.internal.Invoker.invokeTestMethods(Invoker.java:924)
at org.testng.internal.TestMethodWorker.invokeTestMethods(TestMethodWorker.java:125)
at org.testng.internal.TestMethodWorker.run(TestMethodWorker.java:109)
at org.testng.TestRunner.privateRun(TestRunner.java:648)
at org.testng.TestRunner.run(TestRunner.java:505)
at org.testng.SuiteRunner.runTest(SuiteRunner.java:455)
at org.testng.SuiteRunner.runSequentially(SuiteRunner.java:450)
at org.testng.SuiteRunner.privateRun(SuiteRunner.java:415)
at org.testng.SuiteRunner.run(SuiteRunner.java:364)
at org.testng.SuiteRunnerWorker.runSuite(SuiteRunnerWorker.java:52)
at org.testng.SuiteRunnerWorker.run(SuiteRunnerWorker.java:84)
at org.testng.TestNG.runSuitesSequentially(TestNG.java:1208)
at org.testng.TestNG.runSuitesLocally(TestNG.java:1137)
at org.testng.TestNG.runSuites(TestNG.java:1049)
at org.testng.TestNG.run(TestNG.java:1017)
at org.testng.remote.AbstractRemoteTestNG.run(AbstractRemoteTestNG.java:115)
at org.testng.remote.RemoteTestNG.initAndRun(RemoteTestNG.java:251)
at org.testng.remote.RemoteTestNG.main(RemoteTestNG.java:77)
Caused by: java.lang.IllegalStateException: Cannot get a STRING value from a NUMERIC cell
at org.apache.poi.xssf.usermodel.XSSFCell.typeMismatch(XSSFCell.java:1003)
at org.apache.poi.xssf.usermodel.XSSFCell.getRichStringCellValue(XSSFCell.java:389)
at org.apache.poi.xssf.usermodel.XSSFCell.getStringCellValue(XSSFCell.java:341)
at com.webtest.dataprovider.ExcelDataProvider.getTestDataByExcel(ExcelDataProvider.java:49)
at com.edu.wangna.test.Administration_2_2.getExcelDada(Administration_2_2.java:26)
at sun.reflect.NativeMethodAccessorImpl.invoke0(Native Method)
at sun.reflect.NativeMethodAccessorImpl.invoke(NativeMethodAccessorImpl.java:62)
at sun.reflect.DelegatingMethodAccessorImpl.invoke(DelegatingMethodAccessorImpl.java:43)
at java.lang.reflect.Method.invoke(Method.java:498)
at org.testng.internal.MethodInvocationHelper.invokeMethod(MethodInvocationHelper.java:124)
at org.testng.internal.MethodInvocationHelper.invokeMethod(MethodInvocationHelper.java:74)
at org.testng.internal.MethodInvocationHelper.invokeMethodNoCheckedException(MethodInvocationHelper.java:45)
... 22 more
]]>
            </full-stacktrace>
          </exception> <!-- java.lang.RuntimeException -->
          <reporter-output>
          </reporter-output>
        </test-method> <!-- test1 -->
        <test-method status="PASS" signature="doAfterClass()[pri:0, instance:com.edu.wangna.test.Administration_2_2@52a86356]" name="doAfterClass" is-config="true" duration-ms="3925" started-at="2019-12-13T06:00:36Z" finished-at="2019-12-13T06:00:40Z">
          <reporter-output>
          </reporter-output>
        </test-method> <!-- doAfterClass -->
      </class> <!-- com.edu.wangna.test.Administration_2_2 -->
      <class name="com.edu.zmj.task.SearchPayment">
        <test-method status="PASS" signature="doBeforeClass()[pri:0, instance:com.edu.zmj.task.SearchPayment@6c3708b3]" name="doBeforeClass" is-config="true" duration-ms="9420" started-at="2019-12-13T06:39:04Z" finished-at="2019-12-13T06:39:13Z">
          <reporter-output>
          </reporter-output>
        </test-method> <!-- doBeforeClass -->
        <test-method status="FAIL" signature="SearchPayment1()[pri:0, instance:com.edu.zmj.task.SearchPayment@6c3708b3]" name="SearchPayment1" duration-ms="13036" started-at="2019-12-13T06:39:13Z" description="搜索已有的关键字" finished-at="2019-12-13T06:39:26Z">
          <exception class="java.lang.AssertionError">
            <message>
              <![CDATA[expected [true] but found [false]]]>
            </message>
            <full-stacktrace>
              <![CDATA[java.lang.AssertionError: expected [true] but found [false]
at org.testng.Assert.fail(Assert.java:96)
at org.testng.Assert.failNotEquals(Assert.java:776)
at org.testng.Assert.assertTrue(Assert.java:44)
at org.testng.Assert.assertTrue(Assert.java:54)
at com.edu.zmj.task.SearchPayment.SearchPayment1(SearchPayment.java:27)
at sun.reflect.NativeMethodAccessorImpl.invoke0(Native Method)
at sun.reflect.NativeMethodAccessorImpl.invoke(NativeMethodAccessorImpl.java:62)
at sun.reflect.DelegatingMethodAccessorImpl.invoke(DelegatingMethodAccessorImpl.java:43)
at java.lang.reflect.Method.invoke(Method.java:498)
at org.testng.internal.MethodInvocationHelper.invokeMethod(MethodInvocationHelper.java:124)
at org.testng.internal.Invoker.invokeMethod(Invoker.java:583)
at org.testng.internal.Invoker.invokeTestMethod(Invoker.java:719)
at org.testng.internal.Invoker.invokeTestMethods(Invoker.java:989)
at org.testng.internal.TestMethodWorker.invokeTestMethods(TestMethodWorker.java:125)
at org.testng.internal.TestMethodWorker.run(TestMethodWorker.java:109)
at org.testng.TestRunner.privateRun(TestRunner.java:648)
at org.testng.TestRunner.run(TestRunner.java:505)
at org.testng.SuiteRunner.runTest(SuiteRunner.java:455)
at org.testng.SuiteRunner.runSequentially(SuiteRunner.java:450)
at org.testng.SuiteRunner.privateRun(SuiteRunner.java:415)
at org.testng.SuiteRunner.run(SuiteRunner.java:364)
at org.testng.SuiteRunnerWorker.runSuite(SuiteRunnerWorker.java:52)
at org.testng.SuiteRunnerWorker.run(SuiteRunnerWorker.java:84)
at org.testng.TestNG.runSuitesSequentially(TestNG.java:1208)
at org.testng.TestNG.runSuitesLocally(TestNG.java:1137)
at org.testng.TestNG.runSuites(TestNG.java:1049)
at org.testng.TestNG.run(TestNG.java:1017)
at org.testng.remote.AbstractRemoteTestNG.run(AbstractRemoteTestNG.java:115)
at org.testng.remote.RemoteTestNG.initAndRun(RemoteTestNG.java:251)
at org.testng.remote.RemoteTestNG.main(RemoteTestNG.java:77)
]]>
            </full-stacktrace>
          </exception> <!-- java.lang.AssertionError -->
          <reporter-output>
          </reporter-output>
        </test-method> <!-- SearchPayment1 -->
        <test-method status="PASS" signature="SearchPayment2()[pri:0, instance:com.edu.zmj.task.SearchPayment@6c3708b3]" name="SearchPayment2" duration-ms="16194" started-at="2019-12-13T06:39:26Z" description="搜索不存在的关键字" finished-at="2019-12-13T06:39:42Z">
          <reporter-output>
          </reporter-output>
        </test-method> <!-- SearchPayment2 -->
        <test-method status="PASS" signature="doAfterClass()[pri:0, instance:com.edu.zmj.task.SearchPayment@6c3708b3]" name="doAfterClass" is-config="true" duration-ms="3910" started-at="2019-12-13T06:39:42Z" finished-at="2019-12-13T06:39:46Z">
          <reporter-output>
          </reporter-output>
        </test-method> <!-- doAfterClass -->
      </class> <!-- com.edu.zmj.task.SearchPayment -->
      <class name="com.edu.yanjie.system.subscriptionManagement.subscriptionManagement.RunSubscription">
        <test-method status="PASS" signature="doBeforeClass()[pri:0, instance:com.edu.yanjie.system.subscriptionManagement.subscriptionManagement.RunSubscription@3a5ed7a6]" name="doBeforeClass" is-config="true" duration-ms="9439" started-at="2019-12-13T07:00:25Z" finished-at="2019-12-13T07:00:35Z">
          <reporter-output>
          </reporter-output>
        </test-method> <!-- doBeforeClass -->
        <test-method status="PASS" signature="subscripitonOperate1()[pri:0, instance:com.edu.yanjie.system.subscriptionManagement.subscriptionManagement.RunSubscription@3a5ed7a6]" name="subscripitonOperate1" duration-ms="12986" started-at="2019-12-13T07:00:35Z" description="没有选中订阅时判断运行按钮是否为置灰状态" finished-at="2019-12-13T07:00:47Z">
          <reporter-output>
          </reporter-output>
        </test-method> <!-- subscripitonOperate1 -->
        <test-method status="FAIL" signature="subscripitonOperate2()[pri:0, instance:com.edu.yanjie.system.subscriptionManagement.subscriptionManagement.RunSubscription@3a5ed7a6]" name="subscripitonOperate2" duration-ms="9730" started-at="2019-12-13T07:00:47Z" description="选中订阅后运行" finished-at="2019-12-13T07:00:57Z">
          <exception class="java.lang.NullPointerException">
            <full-stacktrace>
              <![CDATA[java.lang.NullPointerException
at java.util.Objects.requireNonNull(Objects.java:203)
at org.openqa.selenium.interactions.PointerInput$Origin.fromElement(PointerInput.java:222)
at org.openqa.selenium.interactions.Actions.moveInTicks(Actions.java:416)
at org.openqa.selenium.interactions.Actions.doubleClick(Actions.java:361)
at com.edu.core.WebDriverEngine.doubleClick(WebDriverEngine.java:173)
at com.edu.yanjie.system.subscriptionManagement.subscriptionManagement.RunSubscription.subscripitonOperate2(RunSubscription.java:30)
at sun.reflect.NativeMethodAccessorImpl.invoke0(Native Method)
at sun.reflect.NativeMethodAccessorImpl.invoke(NativeMethodAccessorImpl.java:62)
at sun.reflect.DelegatingMethodAccessorImpl.invoke(DelegatingMethodAccessorImpl.java:43)
at java.lang.reflect.Method.invoke(Method.java:498)
at org.testng.internal.MethodInvocationHelper.invokeMethod(MethodInvocationHelper.java:124)
at org.testng.internal.Invoker.invokeMethod(Invoker.java:583)
at org.testng.internal.Invoker.invokeTestMethod(Invoker.java:719)
at org.testng.internal.Invoker.invokeTestMethods(Invoker.java:989)
at org.testng.internal.TestMethodWorker.invokeTestMethods(TestMethodWorker.java:125)
at org.testng.internal.TestMethodWorker.run(TestMethodWorker.java:109)
at org.testng.TestRunner.privateRun(TestRunner.java:648)
at org.testng.TestRunner.run(TestRunner.java:505)
at org.testng.SuiteRunner.runTest(SuiteRunner.java:455)
at org.testng.SuiteRunner.runSequentially(SuiteRunner.java:450)
at org.testng.SuiteRunner.privateRun(SuiteRunner.java:415)
at org.testng.SuiteRunner.run(SuiteRunner.java:364)
at org.testng.SuiteRunnerWorker.runSuite(SuiteRunnerWorker.java:52)
at org.testng.SuiteRunnerWorker.run(SuiteRunnerWorker.java:84)
at org.testng.TestNG.runSuitesSequentially(TestNG.java:1208)
at org.testng.TestNG.runSuitesLocally(TestNG.java:1137)
at org.testng.TestNG.runSuites(TestNG.java:1049)
at org.testng.TestNG.run(TestNG.java:1017)
at org.testng.remote.AbstractRemoteTestNG.run(AbstractRemoteTestNG.java:115)
at org.testng.remote.RemoteTestNG.initAndRun(RemoteTestNG.java:251)
at org.testng.remote.RemoteTestNG.main(RemoteTestNG.java:77)
]]>
            </full-stacktrace>
          </exception> <!-- java.lang.NullPointerException -->
          <reporter-output>
          </reporter-output>
        </test-method> <!-- subscripitonOperate2 -->
        <test-method status="PASS" signature="doAfterClass()[pri:0, instance:com.edu.yanjie.system.subscriptionManagement.subscriptionManagement.RunSubscription@3a5ed7a6]" name="doAfterClass" is-config="true" duration-ms="3919" started-at="2019-12-13T07:00:57Z" finished-at="2019-12-13T07:01:01Z">
          <reporter-output>
          </reporter-output>
        </test-method> <!-- doAfterClass -->
      </class> <!-- com.edu.yanjie.system.subscriptionManagement.subscriptionManagement.RunSubscription -->
      <class name="com.edu.yanjie.system.basicmangement.groupMangement.AddGroup">
        <test-method status="PASS" signature="doBeforeClass()[pri:0, instance:com.edu.yanjie.system.basicmangement.groupMangement.AddGroup@2b2948e2]" name="doBeforeClass" is-config="true" duration-ms="9432" started-at="2019-12-13T06:46:42Z" finished-at="2019-12-13T06:46:51Z">
          <reporter-output>
          </reporter-output>
        </test-method> <!-- doBeforeClass -->
        <test-method status="FAIL" signature="addGroup1()[pri:0, instance:com.edu.yanjie.system.basicmangement.groupMangement.AddGroup@2b2948e2]" name="addGroup1" duration-ms="13167" started-at="2019-12-13T06:46:51Z" description="新增组" finished-at="2019-12-13T06:47:04Z">
          <exception class="java.lang.AssertionError">
            <message>
              <![CDATA[expected [true] but found [false]]]>
            </message>
            <full-stacktrace>
              <![CDATA[java.lang.AssertionError: expected [true] but found [false]
at org.testng.Assert.fail(Assert.java:96)
at org.testng.Assert.failNotEquals(Assert.java:776)
at org.testng.Assert.assertTrue(Assert.java:44)
at org.testng.Assert.assertTrue(Assert.java:54)
at com.edu.yanjie.system.basicmangement.groupMangement.AddGroup.addGroup1(AddGroup.java:29)
at sun.reflect.NativeMethodAccessorImpl.invoke0(Native Method)
at sun.reflect.NativeMethodAccessorImpl.invoke(NativeMethodAccessorImpl.java:62)
at sun.reflect.DelegatingMethodAccessorImpl.invoke(DelegatingMethodAccessorImpl.java:43)
at java.lang.reflect.Method.invoke(Method.java:498)
at org.testng.internal.MethodInvocationHelper.invokeMethod(MethodInvocationHelper.java:124)
at org.testng.internal.Invoker.invokeMethod(Invoker.java:583)
at org.testng.internal.Invoker.invokeTestMethod(Invoker.java:719)
at org.testng.internal.Invoker.invokeTestMethods(Invoker.java:989)
at org.testng.internal.TestMethodWorker.invokeTestMethods(TestMethodWorker.java:125)
at org.testng.internal.TestMethodWorker.run(TestMethodWorker.java:109)
at org.testng.TestRunner.privateRun(TestRunner.java:648)
at org.testng.TestRunner.run(TestRunner.java:505)
at org.testng.SuiteRunner.runTest(SuiteRunner.java:455)
at org.testng.SuiteRunner.runSequentially(SuiteRunner.java:450)
at org.testng.SuiteRunner.privateRun(SuiteRunner.java:415)
at org.testng.SuiteRunner.run(SuiteRunner.java:364)
at org.testng.SuiteRunnerWorker.runSuite(SuiteRunnerWorker.java:52)
at org.testng.SuiteRunnerWorker.run(SuiteRunnerWorker.java:84)
at org.testng.TestNG.runSuitesSequentially(TestNG.java:1208)
at org.testng.TestNG.runSuitesLocally(TestNG.java:1137)
at org.testng.TestNG.runSuites(TestNG.java:1049)
at org.testng.TestNG.run(TestNG.java:1017)
at org.testng.remote.AbstractRemoteTestNG.run(AbstractRemoteTestNG.java:115)
at org.testng.remote.RemoteTestNG.initAndRun(RemoteTestNG.java:251)
at org.testng.remote.RemoteTestNG.main(RemoteTestNG.java:77)
]]>
            </full-stacktrace>
          </exception> <!-- java.lang.AssertionError -->
          <reporter-output>
          </reporter-output>
        </test-method> <!-- addGroup1 -->
        <test-method status="FAIL" signature="addGroup2()[pri:0, instance:com.edu.yanjie.system.basicmangement.groupMangement.AddGroup@2b2948e2]" name="addGroup2" duration-ms="12972" started-at="2019-12-13T06:47:04Z" description="新增组名为空的组" finished-at="2019-12-13T06:47:17Z">
          <exception class="java.lang.NullPointerException">
            <full-stacktrace>
              <![CDATA[java.lang.NullPointerException
at com.edu.core.WebDriverEngine.isEnabled(WebDriverEngine.java:191)
at com.edu.yanjie.system.basicmangement.groupMangement.AddGroup.addGroup2(AddGroup.java:36)
at sun.reflect.NativeMethodAccessorImpl.invoke0(Native Method)
at sun.reflect.NativeMethodAccessorImpl.invoke(NativeMethodAccessorImpl.java:62)
at sun.reflect.DelegatingMethodAccessorImpl.invoke(DelegatingMethodAccessorImpl.java:43)
at java.lang.reflect.Method.invoke(Method.java:498)
at org.testng.internal.MethodInvocationHelper.invokeMethod(MethodInvocationHelper.java:124)
at org.testng.internal.Invoker.invokeMethod(Invoker.java:583)
at org.testng.internal.Invoker.invokeTestMethod(Invoker.java:719)
at org.testng.internal.Invoker.invokeTestMethods(Invoker.java:989)
at org.testng.internal.TestMethodWorker.invokeTestMethods(TestMethodWorker.java:125)
at org.testng.internal.TestMethodWorker.run(TestMethodWorker.java:109)
at org.testng.TestRunner.privateRun(TestRunner.java:648)
at org.testng.TestRunner.run(TestRunner.java:505)
at org.testng.SuiteRunner.runTest(SuiteRunner.java:455)
at org.testng.SuiteRunner.runSequentially(SuiteRunner.java:450)
at org.testng.SuiteRunner.privateRun(SuiteRunner.java:415)
at org.testng.SuiteRunner.run(SuiteRunner.java:364)
at org.testng.SuiteRunnerWorker.runSuite(SuiteRunnerWorker.java:52)
at org.testng.SuiteRunnerWorker.run(SuiteRunnerWorker.java:84)
at org.testng.TestNG.runSuitesSequentially(TestNG.java:1208)
at org.testng.TestNG.runSuitesLocally(TestNG.java:1137)
at org.testng.TestNG.runSuites(TestNG.java:1049)
at org.testng.TestNG.run(TestNG.java:1017)
at org.testng.remote.AbstractRemoteTestNG.run(AbstractRemoteTestNG.java:115)
at org.testng.remote.RemoteTestNG.initAndRun(RemoteTestNG.java:251)
at org.testng.remote.RemoteTestNG.main(RemoteTestNG.java:77)
]]>
            </full-stacktrace>
          </exception> <!-- java.lang.NullPointerException -->
          <reporter-output>
          </reporter-output>
        </test-method> <!-- addGroup2 -->
        <test-method status="PASS" signature="doAfterClass()[pri:0, instance:com.edu.yanjie.system.basicmangement.groupMangement.AddGroup@2b2948e2]" name="doAfterClass" is-config="true" duration-ms="3896" started-at="2019-12-13T06:47:17Z" finished-at="2019-12-13T06:47:21Z">
          <reporter-output>
          </reporter-output>
        </test-method> <!-- doAfterClass -->
      </class> <!-- com.edu.yanjie.system.basicmangement.groupMangement.AddGroup -->
      <class name="com.edu.hml.personal.SearchSessionRecord">
        <test-method status="PASS" signature="doBeforeClass()[pri:0, instance:com.edu.hml.personal.SearchSessionRecord@a67c67e]" name="doBeforeClass" is-config="true" duration-ms="13502" started-at="2019-12-13T05:55:53Z" finished-at="2019-12-13T05:56:06Z">
          <reporter-output>
          </reporter-output>
        </test-method> <!-- doBeforeClass -->
        <test-method status="PASS" signature="test()[pri:0, instance:com.edu.hml.personal.SearchSessionRecord@a67c67e]" name="test" duration-ms="15000" started-at="2019-12-13T05:56:06Z" description="搜索我的会话记录-搜索框" finished-at="2019-12-13T05:56:21Z">
          <reporter-output>
          </reporter-output>
        </test-method> <!-- test -->
        <test-method status="PASS" signature="test2()[pri:0, instance:com.edu.hml.personal.SearchSessionRecord@a67c67e]" name="test2" duration-ms="26472" started-at="2019-12-13T05:56:21Z" description="搜索我的会话记录-发送人/接收人" finished-at="2019-12-13T05:56:48Z">
          <reporter-output>
          </reporter-output>
        </test-method> <!-- test2 -->
        <test-method status="PASS" signature="doAfterClass()[pri:0, instance:com.edu.hml.personal.SearchSessionRecord@a67c67e]" name="doAfterClass" is-config="true" duration-ms="3908" started-at="2019-12-13T05:56:48Z" finished-at="2019-12-13T05:56:52Z">
          <reporter-output>
          </reporter-output>
        </test-method> <!-- doAfterClass -->
      </class> <!-- com.edu.hml.personal.SearchSessionRecord -->
      <class name="com.edu.lijiaqi.reim.ProcessList">
        <test-method status="PASS" signature="doBeforeClass()[pri:0, instance:com.edu.lijiaqi.reim.ProcessList@2d928643]" name="doBeforeClass" is-config="true" duration-ms="13385" started-at="2019-12-13T05:37:29Z" finished-at="2019-12-13T05:37:42Z">
          <reporter-output>
          </reporter-output>
        </test-method> <!-- doBeforeClass -->
        <test-method status="PASS" signature="listAdd(java.lang.String, java.lang.String, java.lang.String, java.lang.String)[pri:0, instance:com.edu.lijiaqi.reim.ProcessList@2d928643]" name="listAdd" duration-ms="24253" started-at="2019-12-13T05:37:42Z" description="新增流程模块" data-provider="data5" finished-at="2019-12-13T05:38:07Z">
          <params>
            <param index="0">
              <value>
                <![CDATA[1a1a]]>
              </value>
            </param>
            <param index="1">
              <value>
                <![CDATA[1a1a]]>
              </value>
            </param>
            <param index="2">
              <value>
                <![CDATA[1a1a]]>
              </value>
            </param>
            <param index="3">
              <value>
                <![CDATA[1a1a]]>
              </value>
            </param>
          </params>
          <reporter-output>
          </reporter-output>
        </test-method> <!-- listAdd -->
        <test-method status="PASS" signature="listAdd(java.lang.String, java.lang.String, java.lang.String, java.lang.String)[pri:0, instance:com.edu.lijiaqi.reim.ProcessList@2d928643]" name="listAdd" duration-ms="24217" started-at="2019-12-13T05:38:07Z" description="新增流程模块" data-provider="data5" finished-at="2019-12-13T05:38:31Z">
          <params>
            <param index="0">
              <value>
                <![CDATA[哈哈]]>
              </value>
            </param>
            <param index="1">
              <value>
                <![CDATA[嘿嘿]]>
              </value>
            </param>
            <param index="2">
              <value>
                <![CDATA[啦啦]]>
              </value>
            </param>
            <param index="3">
              <value>
                <![CDATA[asd]]>
              </value>
            </param>
          </params>
          <reporter-output>
          </reporter-output>
        </test-method> <!-- listAdd -->
        <test-method status="PASS" signature="listChange()[pri:0, instance:com.edu.lijiaqi.reim.ProcessList@2d928643]" name="listChange" duration-ms="21104" started-at="2019-12-13T05:38:31Z" description="编辑流程模块" finished-at="2019-12-13T05:38:52Z">
          <reporter-output>
          </reporter-output>
        </test-method> <!-- listChange -->
        <test-method status="PASS" signature="listDelete()[pri:0, instance:com.edu.lijiaqi.reim.ProcessList@2d928643]" name="listDelete" duration-ms="9691" started-at="2019-12-13T05:38:52Z" description="删除流程模块" finished-at="2019-12-13T05:39:02Z">
          <reporter-output>
          </reporter-output>
        </test-method> <!-- listDelete -->
        <test-method status="PASS" signature="doAfterClass()[pri:0, instance:com.edu.lijiaqi.reim.ProcessList@2d928643]" name="doAfterClass" is-config="true" duration-ms="3848" started-at="2019-12-13T05:39:02Z" finished-at="2019-12-13T05:39:05Z">
          <reporter-output>
          </reporter-output>
        </test-method> <!-- doAfterClass -->
      </class> <!-- com.edu.lijiaqi.reim.ProcessList -->
      <class name="com.edu.wangna.test.PersonnelAttendance_5">
        <test-method status="PASS" signature="doBeforeClass()[pri:0, instance:com.edu.wangna.test.PersonnelAttendance_5@5abca1e0]" name="doBeforeClass" is-config="true" duration-ms="9535" started-at="2019-12-13T06:16:38Z" finished-at="2019-12-13T06:16:48Z">
          <reporter-output>
          </reporter-output>
        </test-method> <!-- doBeforeClass -->
        <test-method status="PASS" signature="test1(java.lang.String)[pri:0, instance:com.edu.wangna.test.PersonnelAttendance_5@5abca1e0]" name="test1" duration-ms="13016" started-at="2019-12-13T06:16:48Z" description="查看通过不同关键字考试培训" data-provider="kaoshi" finished-at="2019-12-13T06:17:01Z">
          <params>
            <param index="0">
              <value>
                <![CDATA[开发部]]>
              </value>
            </param>
          </params>
          <reporter-output>
          </reporter-output>
        </test-method> <!-- test1 -->
        <test-method status="PASS" signature="test1(java.lang.String)[pri:0, instance:com.edu.wangna.test.PersonnelAttendance_5@5abca1e0]" name="test1" duration-ms="13008" started-at="2019-12-13T06:17:01Z" description="查看通过不同关键字考试培训" data-provider="kaoshi" finished-at="2019-12-13T06:17:14Z">
          <params>
            <param index="0">
              <value>
                <![CDATA[财务部]]>
              </value>
            </param>
          </params>
          <reporter-output>
          </reporter-output>
        </test-method> <!-- test1 -->
        <test-method status="PASS" signature="test1(java.lang.String)[pri:0, instance:com.edu.wangna.test.PersonnelAttendance_5@5abca1e0]" name="test1" duration-ms="13029" started-at="2019-12-13T06:17:14Z" description="查看通过不同关键字考试培训" data-provider="kaoshi" finished-at="2019-12-13T06:17:27Z">
          <params>
            <param index="0">
              <value>
                <![CDATA[管理层]]>
              </value>
            </param>
          </params>
          <reporter-output>
          </reporter-output>
        </test-method> <!-- test1 -->
        <test-method status="PASS" signature="test1(java.lang.String)[pri:0, instance:com.edu.wangna.test.PersonnelAttendance_5@5abca1e0]" name="test1" duration-ms="13011" started-at="2019-12-13T06:17:27Z" description="查看通过不同关键字考试培训" data-provider="kaoshi" finished-at="2019-12-13T06:17:40Z">
          <params>
            <param index="0">
              <value>
                <![CDATA[行政人事部]]>
              </value>
            </param>
          </params>
          <reporter-output>
          </reporter-output>
        </test-method> <!-- test1 -->
        <test-method status="PASS" signature="test1(java.lang.String)[pri:0, instance:com.edu.wangna.test.PersonnelAttendance_5@5abca1e0]" name="test1" duration-ms="13004" started-at="2019-12-13T06:17:40Z" description="查看通过不同关键字考试培训" data-provider="kaoshi" finished-at="2019-12-13T06:17:53Z">
          <params>
            <param index="0">
              <value>
                <![CDATA[张飞]]>
              </value>
            </param>
          </params>
          <reporter-output>
          </reporter-output>
        </test-method> <!-- test1 -->
        <test-method status="PASS" signature="test1(java.lang.String)[pri:0, instance:com.edu.wangna.test.PersonnelAttendance_5@5abca1e0]" name="test1" duration-ms="13042" started-at="2019-12-13T06:17:53Z" description="查看通过不同关键字考试培训" data-provider="kaoshi" finished-at="2019-12-13T06:18:06Z">
          <params>
            <param index="0">
              <value>
                <![CDATA[赵子龙]]>
              </value>
            </param>
          </params>
          <reporter-output>
          </reporter-output>
        </test-method> <!-- test1 -->
        <test-method status="PASS" signature="test1(java.lang.String)[pri:0, instance:com.edu.wangna.test.PersonnelAttendance_5@5abca1e0]" name="test1" duration-ms="13029" started-at="2019-12-13T06:18:06Z" description="查看通过不同关键字考试培训" data-provider="kaoshi" finished-at="2019-12-13T06:18:19Z">
          <params>
            <param index="0">
              <value>
                <![CDATA[信呼客服]]>
              </value>
            </param>
          </params>
          <reporter-output>
          </reporter-output>
        </test-method> <!-- test1 -->
        <test-method status="PASS" signature="test1(java.lang.String)[pri:0, instance:com.edu.wangna.test.PersonnelAttendance_5@5abca1e0]" name="test1" duration-ms="12993" started-at="2019-12-13T06:18:19Z" description="查看通过不同关键字考试培训" data-provider="kaoshi" finished-at="2019-12-13T06:18:32Z">
          <params>
            <param index="0">
              <value>
                <![CDATA[管理员]]>
              </value>
            </param>
          </params>
          <reporter-output>
          </reporter-output>
        </test-method> <!-- test1 -->
        <test-method status="PASS" signature="doAfterClass()[pri:0, instance:com.edu.wangna.test.PersonnelAttendance_5@5abca1e0]" name="doAfterClass" is-config="true" duration-ms="3942" started-at="2019-12-13T06:18:32Z" finished-at="2019-12-13T06:18:36Z">
          <reporter-output>
          </reporter-output>
        </test-method> <!-- doAfterClass -->
      </class> <!-- com.edu.wangna.test.PersonnelAttendance_5 -->
      <class name="com.edu.wangna.test.PersonnelAttendance_4">
        <test-method status="PASS" signature="doBeforeClass()[pri:0, instance:com.edu.wangna.test.PersonnelAttendance_4@3632be31]" name="doBeforeClass" is-config="true" duration-ms="9443" started-at="2019-12-13T06:14:54Z" finished-at="2019-12-13T06:15:03Z">
          <reporter-output>
          </reporter-output>
        </test-method> <!-- doBeforeClass -->
        <test-method status="PASS" signature="test1(java.lang.String)[pri:0, instance:com.edu.wangna.test.PersonnelAttendance_4@3632be31]" name="test1" duration-ms="13001" started-at="2019-12-13T06:15:03Z" description="按照不同的关键字查看员工新资情况" data-provider="name" finished-at="2019-12-13T06:15:16Z">
          <params>
            <param index="0">
              <value>
                <![CDATA[开发部]]>
              </value>
            </param>
          </params>
          <reporter-output>
          </reporter-output>
        </test-method> <!-- test1 -->
        <test-method status="PASS" signature="test1(java.lang.String)[pri:0, instance:com.edu.wangna.test.PersonnelAttendance_4@3632be31]" name="test1" duration-ms="13016" started-at="2019-12-13T06:15:16Z" description="按照不同的关键字查看员工新资情况" data-provider="name" finished-at="2019-12-13T06:15:29Z">
          <params>
            <param index="0">
              <value>
                <![CDATA[财务部]]>
              </value>
            </param>
          </params>
          <reporter-output>
          </reporter-output>
        </test-method> <!-- test1 -->
        <test-method status="PASS" signature="test1(java.lang.String)[pri:0, instance:com.edu.wangna.test.PersonnelAttendance_4@3632be31]" name="test1" duration-ms="13024" started-at="2019-12-13T06:15:29Z" description="按照不同的关键字查看员工新资情况" data-provider="name" finished-at="2019-12-13T06:15:42Z">
          <params>
            <param index="0">
              <value>
                <![CDATA[行政人事部]]>
              </value>
            </param>
          </params>
          <reporter-output>
          </reporter-output>
        </test-method> <!-- test1 -->
        <test-method status="PASS" signature="test1(java.lang.String)[pri:0, instance:com.edu.wangna.test.PersonnelAttendance_4@3632be31]" name="test1" duration-ms="13007" started-at="2019-12-13T06:15:42Z" description="按照不同的关键字查看员工新资情况" data-provider="name" finished-at="2019-12-13T06:15:55Z">
          <params>
            <param index="0">
              <value>
                <![CDATA[管理层]]>
              </value>
            </param>
          </params>
          <reporter-output>
          </reporter-output>
        </test-method> <!-- test1 -->
        <test-method status="PASS" signature="test1(java.lang.String)[pri:0, instance:com.edu.wangna.test.PersonnelAttendance_4@3632be31]" name="test1" duration-ms="12987" started-at="2019-12-13T06:15:55Z" description="按照不同的关键字查看员工新资情况" data-provider="name" finished-at="2019-12-13T06:16:08Z">
          <params>
            <param index="0">
              <value>
                <![CDATA[小乔]]>
              </value>
            </param>
          </params>
          <reporter-output>
          </reporter-output>
        </test-method> <!-- test1 -->
        <test-method status="PASS" signature="test1(java.lang.String)[pri:0, instance:com.edu.wangna.test.PersonnelAttendance_4@3632be31]" name="test1" duration-ms="13026" started-at="2019-12-13T06:16:08Z" description="按照不同的关键字查看员工新资情况" data-provider="name" finished-at="2019-12-13T06:16:21Z">
          <params>
            <param index="0">
              <value>
                <![CDATA[大乔]]>
              </value>
            </param>
          </params>
          <reporter-output>
          </reporter-output>
        </test-method> <!-- test1 -->
        <test-method status="PASS" signature="test1(java.lang.String)[pri:0, instance:com.edu.wangna.test.PersonnelAttendance_4@3632be31]" name="test1" duration-ms="13004" started-at="2019-12-13T06:16:21Z" description="按照不同的关键字查看员工新资情况" data-provider="name" finished-at="2019-12-13T06:16:34Z">
          <params>
            <param index="0">
              <value>
                <![CDATA[磐石]]>
              </value>
            </param>
          </params>
          <reporter-output>
          </reporter-output>
        </test-method> <!-- test1 -->
        <test-method status="PASS" signature="doAfterClass()[pri:0, instance:com.edu.wangna.test.PersonnelAttendance_4@3632be31]" name="doAfterClass" is-config="true" duration-ms="3934" started-at="2019-12-13T06:16:34Z" finished-at="2019-12-13T06:16:38Z">
          <reporter-output>
          </reporter-output>
        </test-method> <!-- doAfterClass -->
      </class> <!-- com.edu.wangna.test.PersonnelAttendance_4 -->
      <class name="com.edu.wangna.test.PersonnelAttendance_3">
        <test-method status="PASS" signature="doBeforeClass()[pri:0, instance:com.edu.wangna.test.PersonnelAttendance_3@56235b8e]" name="doBeforeClass" is-config="true" duration-ms="9482" started-at="2019-12-13T06:12:30Z" finished-at="2019-12-13T06:12:40Z">
          <reporter-output>
          </reporter-output>
        </test-method> <!-- doBeforeClass -->
        <test-method status="PASS" signature="test1(java.lang.String)[pri:0, instance:com.edu.wangna.test.PersonnelAttendance_3@56235b8e]" name="test1" duration-ms="13018" started-at="2019-12-13T06:12:40Z" description="按照不同的关键字查看工作日报" data-provider="time" finished-at="2019-12-13T06:12:53Z">
          <params>
            <param index="0">
              <value>
                <![CDATA[张飞]]>
              </value>
            </param>
          </params>
          <reporter-output>
          </reporter-output>
        </test-method> <!-- test1 -->
        <test-method status="PASS" signature="test1(java.lang.String)[pri:0, instance:com.edu.wangna.test.PersonnelAttendance_3@56235b8e]" name="test1" duration-ms="13020" started-at="2019-12-13T06:12:53Z" description="按照不同的关键字查看工作日报" data-provider="time" finished-at="2019-12-13T06:13:06Z">
          <params>
            <param index="0">
              <value>
                <![CDATA[管理员]]>
              </value>
            </param>
          </params>
          <reporter-output>
          </reporter-output>
        </test-method> <!-- test1 -->
        <test-method status="PASS" signature="test1(java.lang.String)[pri:0, instance:com.edu.wangna.test.PersonnelAttendance_3@56235b8e]" name="test1" duration-ms="13026" started-at="2019-12-13T06:13:06Z" description="按照不同的关键字查看工作日报" data-provider="time" finished-at="2019-12-13T06:13:19Z">
          <params>
            <param index="0">
              <value>
                <![CDATA[小乔]]>
              </value>
            </param>
          </params>
          <reporter-output>
          </reporter-output>
        </test-method> <!-- test1 -->
        <test-method status="PASS" signature="test1(java.lang.String)[pri:0, instance:com.edu.wangna.test.PersonnelAttendance_3@56235b8e]" name="test1" duration-ms="13016" started-at="2019-12-13T06:13:19Z" description="按照不同的关键字查看工作日报" data-provider="time" finished-at="2019-12-13T06:13:32Z">
          <params>
            <param index="0">
              <value>
                <![CDATA[大乔]]>
              </value>
            </param>
          </params>
          <reporter-output>
          </reporter-output>
        </test-method> <!-- test1 -->
        <test-method status="PASS" signature="test1(java.lang.String)[pri:0, instance:com.edu.wangna.test.PersonnelAttendance_3@56235b8e]" name="test1" duration-ms="13010" started-at="2019-12-13T06:13:32Z" description="按照不同的关键字查看工作日报" data-provider="time" finished-at="2019-12-13T06:13:45Z">
          <params>
            <param index="0">
              <value>
                <![CDATA[赵子龙]]>
              </value>
            </param>
          </params>
          <reporter-output>
          </reporter-output>
        </test-method> <!-- test1 -->
        <test-method status="PASS" signature="test1(java.lang.String)[pri:0, instance:com.edu.wangna.test.PersonnelAttendance_3@56235b8e]" name="test1" duration-ms="13029" started-at="2019-12-13T06:13:45Z" description="按照不同的关键字查看工作日报" data-provider="time" finished-at="2019-12-13T06:13:58Z">
          <params>
            <param index="0">
              <value>
                <![CDATA[信呼客服]]>
              </value>
            </param>
          </params>
          <reporter-output>
          </reporter-output>
        </test-method> <!-- test1 -->
        <test-method status="PASS" signature="test1(java.lang.String)[pri:0, instance:com.edu.wangna.test.PersonnelAttendance_3@56235b8e]" name="test1" duration-ms="13020" started-at="2019-12-13T06:13:58Z" description="按照不同的关键字查看工作日报" data-provider="time" finished-at="2019-12-13T06:14:11Z">
          <params>
            <param index="0">
              <value>
                <![CDATA[貂蝉]]>
              </value>
            </param>
          </params>
          <reporter-output>
          </reporter-output>
        </test-method> <!-- test1 -->
        <test-method status="PASS" signature="test1(java.lang.String)[pri:0, instance:com.edu.wangna.test.PersonnelAttendance_3@56235b8e]" name="test1" duration-ms="12999" started-at="2019-12-13T06:14:11Z" description="按照不同的关键字查看工作日报" data-provider="time" finished-at="2019-12-13T06:14:24Z">
          <params>
            <param index="0">
              <value>
                <![CDATA[日报]]>
              </value>
            </param>
          </params>
          <reporter-output>
          </reporter-output>
        </test-method> <!-- test1 -->
        <test-method status="PASS" signature="test1(java.lang.String)[pri:0, instance:com.edu.wangna.test.PersonnelAttendance_3@56235b8e]" name="test1" duration-ms="13002" started-at="2019-12-13T06:14:24Z" description="按照不同的关键字查看工作日报" data-provider="time" finished-at="2019-12-13T06:14:37Z">
          <params>
            <param index="0">
              <value>
                <![CDATA[周报]]>
              </value>
            </param>
          </params>
          <reporter-output>
          </reporter-output>
        </test-method> <!-- test1 -->
        <test-method status="PASS" signature="test1(java.lang.String)[pri:0, instance:com.edu.wangna.test.PersonnelAttendance_3@56235b8e]" name="test1" duration-ms="13016" started-at="2019-12-13T06:14:37Z" description="按照不同的关键字查看工作日报" data-provider="time" finished-at="2019-12-13T06:14:50Z">
          <params>
            <param index="0">
              <value>
                <![CDATA[开发部]]>
              </value>
            </param>
          </params>
          <reporter-output>
          </reporter-output>
        </test-method> <!-- test1 -->
        <test-method status="PASS" signature="doAfterClass()[pri:0, instance:com.edu.wangna.test.PersonnelAttendance_3@56235b8e]" name="doAfterClass" is-config="true" duration-ms="3710" started-at="2019-12-13T06:14:50Z" finished-at="2019-12-13T06:14:54Z">
          <reporter-output>
          </reporter-output>
        </test-method> <!-- doAfterClass -->
      </class> <!-- com.edu.wangna.test.PersonnelAttendance_3 -->
      <class name="com.edu.lijiaqi.reim.ProcessData">
        <test-method status="PASS" signature="doBeforeClass()[pri:0, instance:com.edu.lijiaqi.reim.ProcessData@6adede5]" name="doBeforeClass" is-config="true" duration-ms="13369" started-at="2019-12-13T05:36:33Z" finished-at="2019-12-13T05:36:46Z">
          <reporter-output>
          </reporter-output>
        </test-method> <!-- doBeforeClass -->
        <test-method status="PASS" signature="dataAdd1()[pri:0, instance:com.edu.lijiaqi.reim.ProcessData@6adede5]" name="dataAdd1" duration-ms="20351" started-at="2019-12-13T05:36:46Z" description="数据新增" finished-at="2019-12-13T05:37:07Z">
          <reporter-output>
          </reporter-output>
        </test-method> <!-- dataAdd1 -->
        <test-method status="PASS" signature="dataAdd2()[pri:0, instance:com.edu.lijiaqi.reim.ProcessData@6adede5]" name="dataAdd2" duration-ms="11845" started-at="2019-12-13T05:37:07Z" description="数据新增只填名称" finished-at="2019-12-13T05:37:18Z">
          <reporter-output>
          </reporter-output>
        </test-method> <!-- dataAdd2 -->
        <test-method status="PASS" signature="dataDelete()[pri:0, instance:com.edu.lijiaqi.reim.ProcessData@6adede5]" name="dataDelete" duration-ms="6600" started-at="2019-12-13T05:37:18Z" description="数据删除" finished-at="2019-12-13T05:37:25Z">
          <reporter-output>
          </reporter-output>
        </test-method> <!-- dataDelete -->
        <test-method status="PASS" signature="doAfterClass()[pri:0, instance:com.edu.lijiaqi.reim.ProcessData@6adede5]" name="doAfterClass" is-config="true" duration-ms="3848" started-at="2019-12-13T05:37:25Z" finished-at="2019-12-13T05:37:29Z">
          <reporter-output>
          </reporter-output>
        </test-method> <!-- doAfterClass -->
      </class> <!-- com.edu.lijiaqi.reim.ProcessData -->
      <class name="com.edu.zmj.task.DeleteProject">
        <test-method status="PASS" signature="doBeforeClass()[pri:0, instance:com.edu.zmj.task.DeleteProject@63753b6d]" name="doBeforeClass" is-config="true" duration-ms="9430" started-at="2019-12-13T06:35:30Z" finished-at="2019-12-13T06:35:39Z">
          <reporter-output>
          </reporter-output>
        </test-method> <!-- doBeforeClass -->
        <test-method status="PASS" signature="DeleteProject1()[pri:0, instance:com.edu.zmj.task.DeleteProject@63753b6d]" name="DeleteProject1" duration-ms="19497" started-at="2019-12-13T06:35:39Z" description="删除名称111的项目" finished-at="2019-12-13T06:35:59Z">
          <reporter-output>
          </reporter-output>
        </test-method> <!-- DeleteProject1 -->
        <test-method status="PASS" signature="doAfterClass()[pri:0, instance:com.edu.zmj.task.DeleteProject@63753b6d]" name="doAfterClass" is-config="true" duration-ms="3903" started-at="2019-12-13T06:35:59Z" finished-at="2019-12-13T06:36:03Z">
          <reporter-output>
          </reporter-output>
        </test-method> <!-- doAfterClass -->
      </class> <!-- com.edu.zmj.task.DeleteProject -->
      <class name="com.edu.yanjie.system.basicmangement.userMangement.AddUser">
        <test-method status="PASS" signature="doBeforeClass()[pri:0, instance:com.edu.yanjie.system.basicmangement.userMangement.AddUser@3b0143d3]" name="doBeforeClass" is-config="true" duration-ms="9423" started-at="2019-12-13T06:49:23Z" finished-at="2019-12-13T06:49:33Z">
          <reporter-output>
          </reporter-output>
        </test-method> <!-- doBeforeClass -->
        <test-method status="PASS" signature="addUser1(java.lang.String, java.lang.String, java.lang.String, java.lang.String, java.lang.String)[pri:0, instance:com.edu.yanjie.system.basicmangement.userMangement.AddUser@3b0143d3]" name="addUser1" duration-ms="35556" started-at="2019-12-13T06:49:33Z" description="数据驱动添加新的用户" data-provider="user" finished-at="2019-12-13T06:50:08Z">
          <params>
            <param index="0">
              <value>
                <![CDATA[tom2]]>
              </value>
            </param>
            <param index="1">
              <value>
                <![CDATA[tom2]]>
              </value>
            </param>
            <param index="2">
              <value>
                <![CDATA[cbo]]>
              </value>
            </param>
            <param index="3">
              <value>
                <![CDATA[13245678901]]>
              </value>
            </param>
            <param index="4">
              <value>
                <![CDATA[tom2]]>
              </value>
            </param>
          </params>
          <reporter-output>
          </reporter-output>
        </test-method> <!-- addUser1 -->
        <test-method status="PASS" signature="addUser1(java.lang.String, java.lang.String, java.lang.String, java.lang.String, java.lang.String)[pri:0, instance:com.edu.yanjie.system.basicmangement.userMangement.AddUser@3b0143d3]" name="addUser1" duration-ms="35616" started-at="2019-12-13T06:50:08Z" description="数据驱动添加新的用户" data-provider="user" finished-at="2019-12-13T06:50:44Z">
          <params>
            <param index="0">
              <value>
                <![CDATA[tom3]]>
              </value>
            </param>
            <param index="1">
              <value>
                <![CDATA[tom3]]>
              </value>
            </param>
            <param index="2">
              <value>
                <![CDATA[cco]]>
              </value>
            </param>
            <param index="3">
              <value>
                <![CDATA[13245678902]]>
              </value>
            </param>
            <param index="4">
              <value>
                <![CDATA[tom3]]>
              </value>
            </param>
          </params>
          <reporter-output>
          </reporter-output>
        </test-method> <!-- addUser1 -->
        <test-method status="PASS" signature="addUser1(java.lang.String, java.lang.String, java.lang.String, java.lang.String, java.lang.String)[pri:0, instance:com.edu.yanjie.system.basicmangement.userMangement.AddUser@3b0143d3]" name="addUser1" duration-ms="35564" started-at="2019-12-13T06:50:44Z" description="数据驱动添加新的用户" data-provider="user" finished-at="2019-12-13T06:51:20Z">
          <params>
            <param index="0">
              <value>
                <![CDATA[tom4]]>
              </value>
            </param>
            <param index="1">
              <value>
                <![CDATA[tom4]]>
              </value>
            </param>
            <param index="2">
              <value>
                <![CDATA[cdo]]>
              </value>
            </param>
            <param index="3">
              <value>
                <![CDATA[13245678903]]>
              </value>
            </param>
            <param index="4">
              <value>
                <![CDATA[tom4]]>
              </value>
            </param>
          </params>
          <reporter-output>
          </reporter-output>
        </test-method> <!-- addUser1 -->
        <test-method status="PASS" signature="addUser1(java.lang.String, java.lang.String, java.lang.String, java.lang.String, java.lang.String)[pri:0, instance:com.edu.yanjie.system.basicmangement.userMangement.AddUser@3b0143d3]" name="addUser1" duration-ms="35601" started-at="2019-12-13T06:51:20Z" description="数据驱动添加新的用户" data-provider="user" finished-at="2019-12-13T06:51:55Z">
          <params>
            <param index="0">
              <value>
                <![CDATA[jerry1]]>
              </value>
            </param>
            <param index="1">
              <value>
                <![CDATA[jerry1]]>
              </value>
            </param>
            <param index="2">
              <value>
                <![CDATA[cfo]]>
              </value>
            </param>
            <param index="3">
              <value>
                <![CDATA[13245678904]]>
              </value>
            </param>
            <param index="4">
              <value>
                <![CDATA[jerry1]]>
              </value>
            </param>
          </params>
          <reporter-output>
          </reporter-output>
        </test-method> <!-- addUser1 -->
        <test-method status="PASS" signature="addUser1(java.lang.String, java.lang.String, java.lang.String, java.lang.String, java.lang.String)[pri:0, instance:com.edu.yanjie.system.basicmangement.userMangement.AddUser@3b0143d3]" name="addUser1" duration-ms="35579" started-at="2019-12-13T06:51:55Z" description="数据驱动添加新的用户" data-provider="user" finished-at="2019-12-13T06:52:31Z">
          <params>
            <param index="0">
              <value>
                <![CDATA[jerry2]]>
              </value>
            </param>
            <param index="1">
              <value>
                <![CDATA[jerry2]]>
              </value>
            </param>
            <param index="2">
              <value>
                <![CDATA[ceo]]>
              </value>
            </param>
            <param index="3">
              <value>
                <![CDATA[13245678905]]>
              </value>
            </param>
            <param index="4">
              <value>
                <![CDATA[jerry2]]>
              </value>
            </param>
          </params>
          <reporter-output>
          </reporter-output>
        </test-method> <!-- addUser1 -->
        <test-method status="PASS" signature="addUser2()[pri:0, instance:com.edu.yanjie.system.basicmangement.userMangement.AddUser@3b0143d3]" name="addUser2" duration-ms="38838" started-at="2019-12-13T06:52:31Z" description="添加用户名为中文的用户" finished-at="2019-12-13T06:53:10Z">
          <reporter-output>
          </reporter-output>
        </test-method> <!-- addUser2 -->
        <test-method status="PASS" signature="doAfterClass()[pri:0, instance:com.edu.yanjie.system.basicmangement.userMangement.AddUser@3b0143d3]" name="doAfterClass" is-config="true" duration-ms="3736" started-at="2019-12-13T06:53:10Z" finished-at="2019-12-13T06:53:13Z">
          <reporter-output>
          </reporter-output>
        </test-method> <!-- doAfterClass -->
      </class> <!-- com.edu.yanjie.system.basicmangement.userMangement.AddUser -->
      <class name="com.edu.zmj.task.SearchCustomer">
        <test-method status="PASS" signature="doBeforeClass()[pri:0, instance:com.edu.zmj.task.SearchCustomer@3e9b1010]" name="doBeforeClass" is-config="true" duration-ms="9434" started-at="2019-12-13T06:38:21Z" finished-at="2019-12-13T06:38:30Z">
          <reporter-output>
          </reporter-output>
        </test-method> <!-- doBeforeClass -->
        <test-method status="PASS" signature="SearchCustomer1()[pri:0, instance:com.edu.zmj.task.SearchCustomer@3e9b1010]" name="SearchCustomer1" duration-ms="13006" started-at="2019-12-13T06:38:30Z" description="搜索已有的关键字" finished-at="2019-12-13T06:38:43Z">
          <reporter-output>
          </reporter-output>
        </test-method> <!-- SearchCustomer1 -->
        <test-method status="PASS" signature="SearchCustomer2()[pri:0, instance:com.edu.zmj.task.SearchCustomer@3e9b1010]" name="SearchCustomer2" duration-ms="16184" started-at="2019-12-13T06:38:43Z" description="搜索不存在的关键字" finished-at="2019-12-13T06:39:00Z">
          <reporter-output>
          </reporter-output>
        </test-method> <!-- SearchCustomer2 -->
        <test-method status="PASS" signature="doAfterClass()[pri:0, instance:com.edu.zmj.task.SearchCustomer@3e9b1010]" name="doAfterClass" is-config="true" duration-ms="3912" started-at="2019-12-13T06:39:00Z" finished-at="2019-12-13T06:39:04Z">
          <reporter-output>
          </reporter-output>
        </test-method> <!-- doAfterClass -->
      </class> <!-- com.edu.zmj.task.SearchCustomer -->
      <class name="com.edu.gaolu.system.RepaymentApply">
        <test-method status="PASS" signature="doBeforeClass()[pri:0, instance:com.edu.gaolu.system.RepaymentApply@20322d26]" name="doBeforeClass" is-config="true" duration-ms="9362" started-at="2019-12-13T05:41:11Z" finished-at="2019-12-13T05:41:20Z">
          <reporter-output>
          </reporter-output>
        </test-method> <!-- doBeforeClass -->
        <test-method status="PASS" signature="AddApply1()[pri:0, instance:com.edu.gaolu.system.RepaymentApply@20322d26]" name="AddApply1" duration-ms="15851" started-at="2019-12-13T05:41:20Z" description="新增还款单申请还款金额小于欠款金额500" finished-at="2019-12-13T05:41:36Z">
          <reporter-output>
          </reporter-output>
        </test-method> <!-- AddApply1 -->
        <test-method status="PASS" signature="AddApply2()[pri:0, instance:com.edu.gaolu.system.RepaymentApply@20322d26]" name="AddApply2" duration-ms="15903" started-at="2019-12-13T05:41:36Z" description="不填写还款金额默认为0" finished-at="2019-12-13T05:41:52Z">
          <reporter-output>
          </reporter-output>
        </test-method> <!-- AddApply2 -->
        <test-method status="FAIL" signature="AddApply3()[pri:0, instance:com.edu.gaolu.system.RepaymentApply@20322d26]" name="AddApply3" duration-ms="3027" started-at="2019-12-13T05:41:52Z" description="新增还款单申请还款金额大于欠款金额500" finished-at="2019-12-13T05:41:55Z">
          <exception class="org.openqa.selenium.NoSuchFrameException">
            <message>
              <![CDATA[No frame element found by name or id openinputiframe
Build info: version: '3.141.59', revision: 'e82be7d358', time: '2018-11-14T08:25:53'
System info: host: '小琪琪的XPRO', ip: '169.254.129.110', os.name: 'Windows 10', os.arch: 'amd64', os.version: '10.0', java.version: '1.8.0_171'
Driver info: driver.version: unknown]]>
            </message>
            <full-stacktrace>
              <![CDATA[org.openqa.selenium.NoSuchFrameException: No frame element found by name or id openinputiframe
Build info: version: '3.141.59', revision: 'e82be7d358', time: '2018-11-14T08:25:53'
System info: host: '小琪琪的XPRO', ip: '169.254.129.110', os.name: 'Windows 10', os.arch: 'amd64', os.version: '10.0', java.version: '1.8.0_171'
Driver info: driver.version: unknown
at org.openqa.selenium.remote.RemoteWebDriver$RemoteTargetLocator.frame(RemoteWebDriver.java:885)
at com.edu.core.WebDriverEngine.enterFrame(WebDriverEngine.java:65)
at com.edu.gaolu.system.RepaymentApply.AddApply3(RepaymentApply.java:52)
at sun.reflect.NativeMethodAccessorImpl.invoke0(Native Method)
at sun.reflect.NativeMethodAccessorImpl.invoke(NativeMethodAccessorImpl.java:62)
at sun.reflect.DelegatingMethodAccessorImpl.invoke(DelegatingMethodAccessorImpl.java:43)
at java.lang.reflect.Method.invoke(Method.java:498)
at org.testng.internal.MethodInvocationHelper.invokeMethod(MethodInvocationHelper.java:124)
at org.testng.internal.Invoker.invokeMethod(Invoker.java:583)
at org.testng.internal.Invoker.invokeTestMethod(Invoker.java:719)
at org.testng.internal.Invoker.invokeTestMethods(Invoker.java:989)
at org.testng.internal.TestMethodWorker.invokeTestMethods(TestMethodWorker.java:125)
at org.testng.internal.TestMethodWorker.run(TestMethodWorker.java:109)
at org.testng.TestRunner.privateRun(TestRunner.java:648)
at org.testng.TestRunner.run(TestRunner.java:505)
at org.testng.SuiteRunner.runTest(SuiteRunner.java:455)
at org.testng.SuiteRunner.runSequentially(SuiteRunner.java:450)
at org.testng.SuiteRunner.privateRun(SuiteRunner.java:415)
at org.testng.SuiteRunner.run(SuiteRunner.java:364)
at org.testng.SuiteRunnerWorker.runSuite(SuiteRunnerWorker.java:52)
at org.testng.SuiteRunnerWorker.run(SuiteRunnerWorker.java:84)
at org.testng.TestNG.runSuitesSequentially(TestNG.java:1208)
at org.testng.TestNG.runSuitesLocally(TestNG.java:1137)
at org.testng.TestNG.runSuites(TestNG.java:1049)
at org.testng.TestNG.run(TestNG.java:1017)
at org.testng.remote.AbstractRemoteTestNG.run(AbstractRemoteTestNG.java:115)
at org.testng.remote.RemoteTestNG.initAndRun(RemoteTestNG.java:251)
at org.testng.remote.RemoteTestNG.main(RemoteTestNG.java:77)
]]>
            </full-stacktrace>
          </exception> <!-- org.openqa.selenium.NoSuchFrameException -->
          <reporter-output>
          </reporter-output>
        </test-method> <!-- AddApply3 -->
        <test-method status="PASS" signature="doAfterClass()[pri:0, instance:com.edu.gaolu.system.RepaymentApply@20322d26]" name="doAfterClass" is-config="true" duration-ms="3909" started-at="2019-12-13T05:41:55Z" finished-at="2019-12-13T05:41:59Z">
          <reporter-output>
          </reporter-output>
        </test-method> <!-- doAfterClass -->
      </class> <!-- com.edu.gaolu.system.RepaymentApply -->
      <class name="com.edu.wangna.test.PersonnelAttendance_2_3">
        <test-method status="PASS" signature="doBeforeClass()[pri:0, instance:com.edu.wangna.test.PersonnelAttendance_2_3@20398b7c]" name="doBeforeClass" is-config="true" duration-ms="15537" started-at="2019-12-13T06:10:33Z" finished-at="2019-12-13T06:10:48Z">
          <reporter-output>
          </reporter-output>
        </test-method> <!-- doBeforeClass -->
        <test-method status="FAIL" signature="test1()[pri:0, instance:com.edu.wangna.test.PersonnelAttendance_2_3@20398b7c]" name="test1" duration-ms="47146" started-at="2019-12-13T06:10:48Z" description="新增人事调动" finished-at="2019-12-13T06:11:35Z">
          <exception class="org.openqa.selenium.WebDriverException">
            <message>
              <![CDATA[TypeError: can't access dead object
Build info: version: '3.141.59', revision: 'e82be7d358', time: '2018-11-14T08:25:53'
System info: host: '小琪琪的XPRO', ip: '169.254.129.110', os.name: 'Windows 10', os.arch: 'amd64', os.version: '10.0', java.version: '1.8.0_171'
Driver info: org.openqa.selenium.firefox.FirefoxDriver
Capabilities {acceptInsecureCerts: true, browserName: firefox, browserVersion: 65.0.2, javascriptEnabled: true, moz:accessibilityChecks: false, moz:geckodriverVersion: 0.24.0, moz:headless: false, moz:processID: 3132, moz:profile: C:\Users\李嘉琪\AppData\Local\..., moz:shutdownTimeout: 60000, moz:useNonSpecCompliantPointerOrigin: false, moz:webdriverClick: true, pageLoadStrategy: normal, platform: WINDOWS, platformName: WINDOWS, platformVersion: 10.0, rotatable: false, setWindowRect: true, strictFileInteractability: false, timeouts: {implicit: 0, pageLoad: 300000, script: 30000}, unhandledPromptBehavior: dismiss and notify}
Session ID: 1a920052-24ad-4cb6-a6ca-22bc148af8dc]]>
            </message>
            <full-stacktrace>
              <![CDATA[org.openqa.selenium.WebDriverException: TypeError: can't access dead object
Build info: version: '3.141.59', revision: 'e82be7d358', time: '2018-11-14T08:25:53'
System info: host: '小琪琪的XPRO', ip: '169.254.129.110', os.name: 'Windows 10', os.arch: 'amd64', os.version: '10.0', java.version: '1.8.0_171'
Driver info: org.openqa.selenium.firefox.FirefoxDriver
Capabilities {acceptInsecureCerts: true, browserName: firefox, browserVersion: 65.0.2, javascriptEnabled: true, moz:accessibilityChecks: false, moz:geckodriverVersion: 0.24.0, moz:headless: false, moz:processID: 3132, moz:profile: C:\Users\李嘉琪\AppData\Local\..., moz:shutdownTimeout: 60000, moz:useNonSpecCompliantPointerOrigin: false, moz:webdriverClick: true, pageLoadStrategy: normal, platform: WINDOWS, platformName: WINDOWS, platformVersion: 10.0, rotatable: false, setWindowRect: true, strictFileInteractability: false, timeouts: {implicit: 0, pageLoad: 300000, script: 30000}, unhandledPromptBehavior: dismiss and notify}
Session ID: 1a920052-24ad-4cb6-a6ca-22bc148af8dc
at sun.reflect.NativeConstructorAccessorImpl.newInstance0(Native Method)
at sun.reflect.NativeConstructorAccessorImpl.newInstance(NativeConstructorAccessorImpl.java:62)
at sun.reflect.DelegatingConstructorAccessorImpl.newInstance(DelegatingConstructorAccessorImpl.java:45)
at java.lang.reflect.Constructor.newInstance(Constructor.java:423)
at org.openqa.selenium.remote.http.W3CHttpResponseCodec.createException(W3CHttpResponseCodec.java:187)
at org.openqa.selenium.remote.http.W3CHttpResponseCodec.decode(W3CHttpResponseCodec.java:122)
at org.openqa.selenium.remote.http.W3CHttpResponseCodec.decode(W3CHttpResponseCodec.java:49)
at org.openqa.selenium.remote.HttpCommandExecutor.execute(HttpCommandExecutor.java:158)
at org.openqa.selenium.remote.service.DriverCommandExecutor.execute(DriverCommandExecutor.java:83)
at org.openqa.selenium.remote.RemoteWebDriver.execute(RemoteWebDriver.java:552)
at org.openqa.selenium.remote.RemoteWebDriver.execute(RemoteWebDriver.java:609)
at org.openqa.selenium.remote.RemoteWebDriver.getPageSource(RemoteWebDriver.java:438)
at com.edu.core.WebDriverEngine.isTextPresent(WebDriverEngine.java:116)
at com.edu.wangna.test.PersonnelAttendance_2_3.test1(PersonnelAttendance_2_3.java:44)
at sun.reflect.NativeMethodAccessorImpl.invoke0(Native Method)
at sun.reflect.NativeMethodAccessorImpl.invoke(NativeMethodAccessorImpl.java:62)
at sun.reflect.DelegatingMethodAccessorImpl.invoke(DelegatingMethodAccessorImpl.java:43)
at java.lang.reflect.Method.invoke(Method.java:498)
at org.testng.internal.MethodInvocationHelper.invokeMethod(MethodInvocationHelper.java:124)
at org.testng.internal.Invoker.invokeMethod(Invoker.java:583)
at org.testng.internal.Invoker.invokeTestMethod(Invoker.java:719)
at org.testng.internal.Invoker.invokeTestMethods(Invoker.java:989)
at org.testng.internal.TestMethodWorker.invokeTestMethods(TestMethodWorker.java:125)
at org.testng.internal.TestMethodWorker.run(TestMethodWorker.java:109)
at org.testng.TestRunner.privateRun(TestRunner.java:648)
at org.testng.TestRunner.run(TestRunner.java:505)
at org.testng.SuiteRunner.runTest(SuiteRunner.java:455)
at org.testng.SuiteRunner.runSequentially(SuiteRunner.java:450)
at org.testng.SuiteRunner.privateRun(SuiteRunner.java:415)
at org.testng.SuiteRunner.run(SuiteRunner.java:364)
at org.testng.SuiteRunnerWorker.runSuite(SuiteRunnerWorker.java:52)
at org.testng.SuiteRunnerWorker.run(SuiteRunnerWorker.java:84)
at org.testng.TestNG.runSuitesSequentially(TestNG.java:1208)
at org.testng.TestNG.runSuitesLocally(TestNG.java:1137)
at org.testng.TestNG.runSuites(TestNG.java:1049)
at org.testng.TestNG.run(TestNG.java:1017)
at org.testng.remote.AbstractRemoteTestNG.run(AbstractRemoteTestNG.java:115)
at org.testng.remote.RemoteTestNG.initAndRun(RemoteTestNG.java:251)
at org.testng.remote.RemoteTestNG.main(RemoteTestNG.java:77)
]]>
            </full-stacktrace>
          </exception> <!-- org.openqa.selenium.WebDriverException -->
          <reporter-output>
          </reporter-output>
        </test-method> <!-- test1 -->
        <test-method status="PASS" signature="doAfterClass()[pri:0, instance:com.edu.wangna.test.PersonnelAttendance_2_3@20398b7c]" name="doAfterClass" is-config="true" duration-ms="3946" started-at="2019-12-13T06:11:35Z" finished-at="2019-12-13T06:11:39Z">
          <reporter-output>
          </reporter-output>
        </test-method> <!-- doAfterClass -->
      </class> <!-- com.edu.wangna.test.PersonnelAttendance_2_3 -->
      <class name="com.edu.yanjie.system.systemTools.uploadManagement.UploadManagement">
        <test-method status="PASS" signature="doBeforeClass()[pri:0, instance:com.edu.yanjie.system.systemTools.uploadManagement.UploadManagement@67b92f0a]" name="doBeforeClass" is-config="true" duration-ms="9420" started-at="2019-12-13T07:02:16Z" finished-at="2019-12-13T07:02:26Z">
          <reporter-output>
          </reporter-output>
        </test-method> <!-- doBeforeClass -->
        <test-method status="PASS" signature="viewPhoto()[pri:0, instance:com.edu.yanjie.system.systemTools.uploadManagement.UploadManagement@67b92f0a]" name="viewPhoto" duration-ms="13082" started-at="2019-12-13T07:02:26Z" description="查看图片" finished-at="2019-12-13T07:02:39Z">
          <reporter-output>
          </reporter-output>
        </test-method> <!-- viewPhoto -->
        <test-method status="PASS" signature="doAfterClass()[pri:0, instance:com.edu.yanjie.system.systemTools.uploadManagement.UploadManagement@67b92f0a]" name="doAfterClass" is-config="true" duration-ms="3941" started-at="2019-12-13T07:02:39Z" finished-at="2019-12-13T07:02:43Z">
          <reporter-output>
          </reporter-output>
        </test-method> <!-- doAfterClass -->
      </class> <!-- com.edu.yanjie.system.systemTools.uploadManagement.UploadManagement -->
      <class name="com.edu.wangna.test.PersonnelAttendance_2_2">
        <test-method status="PASS" signature="doBeforeClass()[pri:0, instance:com.edu.wangna.test.PersonnelAttendance_2_2@71423665]" name="doBeforeClass" is-config="true" duration-ms="9475" started-at="2019-12-13T06:09:34Z" finished-at="2019-12-13T06:09:44Z">
          <reporter-output>
          </reporter-output>
        </test-method> <!-- doBeforeClass -->
        <test-method status="PASS" signature="test1(java.lang.String)[pri:0, instance:com.edu.wangna.test.PersonnelAttendance_2_2@71423665]" name="test1" duration-ms="22538" started-at="2019-12-13T06:09:44Z" description="不同类型的原因催办离职申请" data-provider="lizhi" finished-at="2019-12-13T06:10:06Z">
          <params>
            <param index="0">
              <value>
                <![CDATA[不想做了]]>
              </value>
            </param>
          </params>
          <reporter-output>
          </reporter-output>
        </test-method> <!-- test1 -->
        <test-method status="PASS" signature="test1(java.lang.String)[pri:0, instance:com.edu.wangna.test.PersonnelAttendance_2_2@71423665]" name="test1" duration-ms="22491" started-at="2019-12-13T06:10:06Z" description="不同类型的原因催办离职申请" data-provider="lizhi" finished-at="2019-12-13T06:10:29Z">
          <params>
            <param index="0">
              <value>
                <![CDATA[abc]]>
              </value>
            </param>
          </params>
          <reporter-output>
          </reporter-output>
        </test-method> <!-- test1 -->
        <test-method status="PASS" signature="doAfterClass()[pri:0, instance:com.edu.wangna.test.PersonnelAttendance_2_2@71423665]" name="doAfterClass" is-config="true" duration-ms="3915" started-at="2019-12-13T06:10:29Z" finished-at="2019-12-13T06:10:33Z">
          <reporter-output>
          </reporter-output>
        </test-method> <!-- doAfterClass -->
      </class> <!-- com.edu.wangna.test.PersonnelAttendance_2_2 -->
      <class name="com.edu.wangna.test.PersonnelAttendance_2_1">
        <test-method status="PASS" signature="doBeforeClass()[pri:0, instance:com.edu.wangna.test.PersonnelAttendance_2_1@2ac273d3]" name="doBeforeClass" is-config="true" duration-ms="9422" started-at="2019-12-13T06:09:01Z" finished-at="2019-12-13T06:09:11Z">
          <reporter-output>
          </reporter-output>
        </test-method> <!-- doBeforeClass -->
        <test-method status="PASS" signature="test1()[pri:0, instance:com.edu.wangna.test.PersonnelAttendance_2_1@2ac273d3]" name="test1" duration-ms="19466" started-at="2019-12-13T06:09:11Z" description="查看转正申请" finished-at="2019-12-13T06:09:30Z">
          <reporter-output>
          </reporter-output>
        </test-method> <!-- test1 -->
[...]
at org.testng.SuiteRunner.runSequentially(SuiteRunner.java:450)
at org.testng.SuiteRunner.privateRun(SuiteRunner.java:415)
at org.testng.SuiteRunner.run(SuiteRunner.java:364)
at org.testng.SuiteRunnerWorker.runSuite(SuiteRunnerWorker.java:52)
at org.testng.SuiteRunnerWorker.run(SuiteRunnerWorker.java:84)
at org.testng.TestNG.runSuitesSequentially(TestNG.java:1208)
at org.testng.TestNG.runSuitesLocally(TestNG.java:1137)
at org.testng.TestNG.runSuites(TestNG.java:1049)
at org.testng.TestNG.run(TestNG.java:1017)
at org.testng.remote.AbstractRemoteTestNG.run(AbstractRemoteTestNG.java:115)
at org.testng.remote.RemoteTestNG.initAndRun(RemoteTestNG.java:251)
at org.testng.remote.RemoteTestNG.main(RemoteTestNG.java:77)
]]>
            </full-stacktrace>
          </exception> <!-- java.lang.AssertionError -->
          <reporter-output>
          </reporter-output>
        </test-method> <!-- SearchReceipt1 -->
        <test-method status="PASS" signature="SearchReceipt2()[pri:0, instance:com.edu.zmj.task.SearchReceipt@185d8b6]" name="SearchReceipt2" duration-ms="16165" started-at="2019-12-13T06:41:14Z" description="搜索不存在的关键字" finished-at="2019-12-13T06:41:30Z">
          <reporter-output>
          </reporter-output>
        </test-method> <!-- SearchReceipt2 -->
        <test-method status="PASS" signature="doAfterClass()[pri:0, instance:com.edu.zmj.task.SearchReceipt@185d8b6]" name="doAfterClass" is-config="true" duration-ms="3902" started-at="2019-12-13T06:41:30Z" finished-at="2019-12-13T06:41:34Z">
          <reporter-output>
          </reporter-output>
        </test-method> <!-- doAfterClass -->
      </class> <!-- com.edu.zmj.task.SearchReceipt -->
      <class name="com.edu.zmj.task.AddCustomer">
        <test-method status="PASS" signature="doBeforeClass()[pri:0, instance:com.edu.zmj.task.AddCustomer@4e9ba398]" name="doBeforeClass" is-config="true" duration-ms="9540" started-at="2019-12-13T06:21:08Z" finished-at="2019-12-13T06:21:17Z">
          <reporter-output>
          </reporter-output>
        </test-method> <!-- doBeforeClass -->
        <test-method status="PASS" signature="AddCustomer1()[pri:0, instance:com.edu.zmj.task.AddCustomer@4e9ba398]" name="AddCustomer1" duration-ms="32140" started-at="2019-12-13T06:21:17Z" description="添加名称111的客户" finished-at="2019-12-13T06:21:49Z">
          <reporter-output>
          </reporter-output>
        </test-method> <!-- AddCustomer1 -->
        <test-method status="PASS" signature="AddCustomer2()[pri:0, instance:com.edu.zmj.task.AddCustomer@4e9ba398]" name="AddCustomer2" duration-ms="22426" started-at="2019-12-13T06:21:49Z" description="不添加名称" finished-at="2019-12-13T06:22:12Z">
          <reporter-output>
          </reporter-output>
        </test-method> <!-- AddCustomer2 -->
        <test-method status="PASS" signature="AddCustomer3()[pri:0, instance:com.edu.zmj.task.AddCustomer@4e9ba398]" name="AddCustomer3" duration-ms="22498" started-at="2019-12-13T06:22:12Z" description="不选择客户类型" finished-at="2019-12-13T06:22:34Z">
          <reporter-output>
          </reporter-output>
        </test-method> <!-- AddCustomer3 -->
        <test-method status="PASS" signature="AddCustomer4()[pri:0, instance:com.edu.zmj.task.AddCustomer@4e9ba398]" name="AddCustomer4" duration-ms="28984" started-at="2019-12-13T06:22:34Z" description="不选择来源" finished-at="2019-12-13T06:23:03Z">
          <reporter-output>
          </reporter-output>
        </test-method> <!-- AddCustomer4 -->
        <test-method status="FAIL" signature="AddCustomer5()[pri:0, instance:com.edu.zmj.task.AddCustomer@4e9ba398]" name="AddCustomer5" duration-ms="36491" started-at="2019-12-13T06:23:03Z" description="不选择地址" finished-at="2019-12-13T06:23:40Z">
          <exception class="org.openqa.selenium.WebDriverException">
            <message>
              <![CDATA[TypeError: can't access dead object
Build info: version: '3.141.59', revision: 'e82be7d358', time: '2018-11-14T08:25:53'
System info: host: '小琪琪的XPRO', ip: '169.254.129.110', os.name: 'Windows 10', os.arch: 'amd64', os.version: '10.0', java.version: '1.8.0_171'
Driver info: org.openqa.selenium.firefox.FirefoxDriver
Capabilities {acceptInsecureCerts: true, browserName: firefox, browserVersion: 65.0.2, javascriptEnabled: true, moz:accessibilityChecks: false, moz:geckodriverVersion: 0.24.0, moz:headless: false, moz:processID: 10224, moz:profile: C:\Users\李嘉琪\AppData\Local\..., moz:shutdownTimeout: 60000, moz:useNonSpecCompliantPointerOrigin: false, moz:webdriverClick: true, pageLoadStrategy: normal, platform: WINDOWS, platformName: WINDOWS, platformVersion: 10.0, rotatable: false, setWindowRect: true, strictFileInteractability: false, timeouts: {implicit: 0, pageLoad: 300000, script: 30000}, unhandledPromptBehavior: dismiss and notify}
Session ID: 1638aff1-4cc1-4362-8f55-1c708d73cee9]]>
            </message>
            <full-stacktrace>
              <![CDATA[org.openqa.selenium.WebDriverException: TypeError: can't access dead object
Build info: version: '3.141.59', revision: 'e82be7d358', time: '2018-11-14T08:25:53'
System info: host: '小琪琪的XPRO', ip: '169.254.129.110', os.name: 'Windows 10', os.arch: 'amd64', os.version: '10.0', java.version: '1.8.0_171'
Driver info: org.openqa.selenium.firefox.FirefoxDriver
Capabilities {acceptInsecureCerts: true, browserName: firefox, browserVersion: 65.0.2, javascriptEnabled: true, moz:accessibilityChecks: false, moz:geckodriverVersion: 0.24.0, moz:headless: false, moz:processID: 10224, moz:profile: C:\Users\李嘉琪\AppData\Local\..., moz:shutdownTimeout: 60000, moz:useNonSpecCompliantPointerOrigin: false, moz:webdriverClick: true, pageLoadStrategy: normal, platform: WINDOWS, platformName: WINDOWS, platformVersion: 10.0, rotatable: false, setWindowRect: true, strictFileInteractability: false, timeouts: {implicit: 0, pageLoad: 300000, script: 30000}, unhandledPromptBehavior: dismiss and notify}
Session ID: 1638aff1-4cc1-4362-8f55-1c708d73cee9
at sun.reflect.GeneratedConstructorAccessor45.newInstance(Unknown Source)
at sun.reflect.DelegatingConstructorAccessorImpl.newInstance(DelegatingConstructorAccessorImpl.java:45)
at java.lang.reflect.Constructor.newInstance(Constructor.java:423)
at org.openqa.selenium.remote.http.W3CHttpResponseCodec.createException(W3CHttpResponseCodec.java:187)
at org.openqa.selenium.remote.http.W3CHttpResponseCodec.decode(W3CHttpResponseCodec.java:122)
at org.openqa.selenium.remote.http.W3CHttpResponseCodec.decode(W3CHttpResponseCodec.java:49)
at org.openqa.selenium.remote.HttpCommandExecutor.execute(HttpCommandExecutor.java:158)
at org.openqa.selenium.remote.service.DriverCommandExecutor.execute(DriverCommandExecutor.java:83)
at org.openqa.selenium.remote.RemoteWebDriver.execute(RemoteWebDriver.java:552)
at org.openqa.selenium.remote.RemoteWebDriver.execute(RemoteWebDriver.java:609)
at org.openqa.selenium.remote.RemoteWebDriver.getPageSource(RemoteWebDriver.java:438)
at com.edu.core.WebDriverEngine.isTextPresent(WebDriverEngine.java:116)
at com.edu.zmj.task.AddCustomer.AddCustomer5(AddCustomer.java:110)
at sun.reflect.NativeMethodAccessorImpl.invoke0(Native Method)
at sun.reflect.NativeMethodAccessorImpl.invoke(NativeMethodAccessorImpl.java:62)
at sun.reflect.DelegatingMethodAccessorImpl.invoke(DelegatingMethodAccessorImpl.java:43)
at java.lang.reflect.Method.invoke(Method.java:498)
at org.testng.internal.MethodInvocationHelper.invokeMethod(MethodInvocationHelper.java:124)
at org.testng.internal.Invoker.invokeMethod(Invoker.java:583)
at org.testng.internal.Invoker.invokeTestMethod(Invoker.java:719)
at org.testng.internal.Invoker.invokeTestMethods(Invoker.java:989)
at org.testng.internal.TestMethodWorker.invokeTestMethods(TestMethodWorker.java:125)
at org.testng.internal.TestMethodWorker.run(TestMethodWorker.java:109)
at org.testng.TestRunner.privateRun(TestRunner.java:648)
at org.testng.TestRunner.run(TestRunner.java:505)
at org.testng.SuiteRunner.runTest(SuiteRunner.java:455)
at org.testng.SuiteRunner.runSequentially(SuiteRunner.java:450)
at org.testng.SuiteRunner.privateRun(SuiteRunner.java:415)
at org.testng.SuiteRunner.run(SuiteRunner.java:364)
at org.testng.SuiteRunnerWorker.runSuite(SuiteRunnerWorker.java:52)
at org.testng.SuiteRunnerWorker.run(SuiteRunnerWorker.java:84)
at org.testng.TestNG.runSuitesSequentially(TestNG.java:1208)
at org.testng.TestNG.runSuitesLocally(TestNG.java:1137)
at org.testng.TestNG.runSuites(TestNG.java:1049)
at org.testng.TestNG.run(TestNG.java:1017)
at org.testng.remote.AbstractRemoteTestNG.run(AbstractRemoteTestNG.java:115)
at org.testng.remote.RemoteTestNG.initAndRun(RemoteTestNG.java:251)
at org.testng.remote.RemoteTestNG.main(RemoteTestNG.java:77)
]]>
            </full-stacktrace>
          </exception> <!-- org.openqa.selenium.WebDriverException -->
          <reporter-output>
          </reporter-output>
        </test-method> <!-- AddCustomer5 -->
        <test-method status="PASS" signature="doAfterClass()[pri:0, instance:com.edu.zmj.task.AddCustomer@4e9ba398]" name="doAfterClass" is-config="true" duration-ms="3680" started-at="2019-12-13T06:23:40Z" finished-at="2019-12-13T06:23:43Z">
          <reporter-output>
          </reporter-output>
        </test-method> <!-- doAfterClass -->
      </class> <!-- com.edu.zmj.task.AddCustomer -->
      <class name="com.edu.hml.personal.ExportAddressList">
        <test-method status="PASS" signature="doBeforeClass()[pri:0, instance:com.edu.hml.personal.ExportAddressList@71318ec4]" name="doBeforeClass" is-config="true" duration-ms="13421" started-at="2019-12-13T05:54:49Z" finished-at="2019-12-13T05:55:02Z">
          <reporter-output>
          </reporter-output>
        </test-method> <!-- doBeforeClass -->
        <test-method status="FAIL" signature="test()[pri:0, instance:com.edu.hml.personal.ExportAddressList@71318ec4]" name="test" duration-ms="9690" started-at="2019-12-13T05:55:02Z" description="导出内部通讯录" finished-at="2019-12-13T05:55:12Z">
          <exception class="org.openqa.selenium.ElementClickInterceptedException">
            <message>
              <![CDATA[Element <button class="btn btn-default" type="button"> is not clickable at point (1463,121) because another element <div id="notify_show_systodo" class="animate slideInRight boxs"> obscures it
Build info: version: '3.141.59', revision: 'e82be7d358', time: '2018-11-14T08:25:53'
System info: host: '小琪琪的XPRO', ip: '169.254.129.110', os.name: 'Windows 10', os.arch: 'amd64', os.version: '10.0', java.version: '1.8.0_171'
Driver info: org.openqa.selenium.firefox.FirefoxDriver
Capabilities {acceptInsecureCerts: true, browserName: firefox, browserVersion: 65.0.2, javascriptEnabled: true, moz:accessibilityChecks: false, moz:geckodriverVersion: 0.24.0, moz:headless: false, moz:processID: 16072, moz:profile: C:\Users\李嘉琪\AppData\Local\..., moz:shutdownTimeout: 60000, moz:useNonSpecCompliantPointerOrigin: false, moz:webdriverClick: true, pageLoadStrategy: normal, platform: WINDOWS, platformName: WINDOWS, platformVersion: 10.0, rotatable: false, setWindowRect: true, strictFileInteractability: false, timeouts: {implicit: 0, pageLoad: 300000, script: 30000}, unhandledPromptBehavior: dismiss and notify}
Session ID: d54d3854-5e2f-41e8-a5e1-90a4dc109a44]]>
            </message>
            <full-stacktrace>
              <![CDATA[org.openqa.selenium.ElementClickInterceptedException: Element <button class="btn btn-default" type="button"> is not clickable at point (1463,121) because another element <div id="notify_show_systodo" class="animate slideInRight boxs"> obscures it
Build info: version: '3.141.59', revision: 'e82be7d358', time: '2018-11-14T08:25:53'
System info: host: '小琪琪的XPRO', ip: '169.254.129.110', os.name: 'Windows 10', os.arch: 'amd64', os.version: '10.0', java.version: '1.8.0_171'
Driver info: org.openqa.selenium.firefox.FirefoxDriver
Capabilities {acceptInsecureCerts: true, browserName: firefox, browserVersion: 65.0.2, javascriptEnabled: true, moz:accessibilityChecks: false, moz:geckodriverVersion: 0.24.0, moz:headless: false, moz:processID: 16072, moz:profile: C:\Users\李嘉琪\AppData\Local\..., moz:shutdownTimeout: 60000, moz:useNonSpecCompliantPointerOrigin: false, moz:webdriverClick: true, pageLoadStrategy: normal, platform: WINDOWS, platformName: WINDOWS, platformVersion: 10.0, rotatable: false, setWindowRect: true, strictFileInteractability: false, timeouts: {implicit: 0, pageLoad: 300000, script: 30000}, unhandledPromptBehavior: dismiss and notify}
Session ID: d54d3854-5e2f-41e8-a5e1-90a4dc109a44
at sun.reflect.NativeConstructorAccessorImpl.newInstance0(Native Method)
at sun.reflect.NativeConstructorAccessorImpl.newInstance(NativeConstructorAccessorImpl.java:62)
at sun.reflect.DelegatingConstructorAccessorImpl.newInstance(DelegatingConstructorAccessorImpl.java:45)
at java.lang.reflect.Constructor.newInstance(Constructor.java:423)
at org.openqa.selenium.remote.http.W3CHttpResponseCodec.createException(W3CHttpResponseCodec.java:187)
at org.openqa.selenium.remote.http.W3CHttpResponseCodec.decode(W3CHttpResponseCodec.java:122)
at org.openqa.selenium.remote.http.W3CHttpResponseCodec.decode(W3CHttpResponseCodec.java:49)
at org.openqa.selenium.remote.HttpCommandExecutor.execute(HttpCommandExecutor.java:158)
at org.openqa.selenium.remote.service.DriverCommandExecutor.execute(DriverCommandExecutor.java:83)
at org.openqa.selenium.remote.RemoteWebDriver.execute(RemoteWebDriver.java:552)
at org.openqa.selenium.remote.RemoteWebElement.execute(RemoteWebElement.java:285)
at org.openqa.selenium.remote.RemoteWebElement.click(RemoteWebElement.java:84)
at com.webtest.core.WebDriverEngine.click(WebDriverEngine.java:145)
at com.edu.hml.personal.ExportAddressList.test(ExportAddressList.java:21)
at sun.reflect.NativeMethodAccessorImpl.invoke0(Native Method)
at sun.reflect.NativeMethodAccessorImpl.invoke(NativeMethodAccessorImpl.java:62)
at sun.reflect.DelegatingMethodAccessorImpl.invoke(DelegatingMethodAccessorImpl.java:43)
at java.lang.reflect.Method.invoke(Method.java:498)
at org.testng.internal.MethodInvocationHelper.invokeMethod(MethodInvocationHelper.java:124)
at org.testng.internal.Invoker.invokeMethod(Invoker.java:583)
at org.testng.internal.Invoker.invokeTestMethod(Invoker.java:719)
at org.testng.internal.Invoker.invokeTestMethods(Invoker.java:989)
at org.testng.internal.TestMethodWorker.invokeTestMethods(TestMethodWorker.java:125)
at org.testng.internal.TestMethodWorker.run(TestMethodWorker.java:109)
at org.testng.TestRunner.privateRun(TestRunner.java:648)
at org.testng.TestRunner.run(TestRunner.java:505)
at org.testng.SuiteRunner.runTest(SuiteRunner.java:455)
at org.testng.SuiteRunner.runSequentially(SuiteRunner.java:450)
at org.testng.SuiteRunner.privateRun(SuiteRunner.java:415)
at org.testng.SuiteRunner.run(SuiteRunner.java:364)
at org.testng.SuiteRunnerWorker.runSuite(SuiteRunnerWorker.java:52)
at org.testng.SuiteRunnerWorker.run(SuiteRunnerWorker.java:84)
at org.testng.TestNG.runSuitesSequentially(TestNG.java:1208)
at org.testng.TestNG.runSuitesLocally(TestNG.java:1137)
at org.testng.TestNG.runSuites(TestNG.java:1049)
at org.testng.TestNG.run(TestNG.java:1017)
at org.testng.remote.AbstractRemoteTestNG.run(AbstractRemoteTestNG.java:115)
at org.testng.remote.RemoteTestNG.initAndRun(RemoteTestNG.java:251)
at org.testng.remote.RemoteTestNG.main(RemoteTestNG.java:77)
]]>
            </full-stacktrace>
          </exception> <!-- org.openqa.selenium.ElementClickInterceptedException -->
          <reporter-output>
          </reporter-output>
        </test-method> <!-- test -->
        <test-method status="PASS" signature="doAfterClass()[pri:0, instance:com.edu.hml.personal.ExportAddressList@71318ec4]" name="doAfterClass" is-config="true" duration-ms="3841" started-at="2019-12-13T05:55:12Z" finished-at="2019-12-13T05:55:16Z">
          <reporter-output>
          </reporter-output>
        </test-method> <!-- doAfterClass -->
      </class> <!-- com.edu.hml.personal.ExportAddressList -->
      <class name="com.edu.yanjie.system.basicmangement.company.SearchCompany">
        <test-method status="PASS" signature="doBeforeClass()[pri:0, instance:com.edu.yanjie.system.basicmangement.company.SearchCompany@eec5a4a]" name="doBeforeClass" is-config="true" duration-ms="9417" started-at="2019-12-13T06:45:59Z" finished-at="2019-12-13T06:46:08Z">
          <reporter-output>
          </reporter-output>
        </test-method> <!-- doBeforeClass -->
        <test-method status="PASS" signature="SearchCompany1()[pri:0, instance:com.edu.yanjie.system.basicmangement.company.SearchCompany@eec5a4a]" name="SearchCompany1" duration-ms="13022" started-at="2019-12-13T06:46:08Z" description="搜索已有的关键字" finished-at="2019-12-13T06:46:22Z">
          <reporter-output>
          </reporter-output>
        </test-method> <!-- SearchCompany1 -->
        <test-method status="FAIL" signature="SearchCompany2()[pri:0, instance:com.edu.yanjie.system.basicmangement.company.SearchCompany@eec5a4a]" name="SearchCompany2" duration-ms="16172" started-at="2019-12-13T06:46:22Z" description="搜索不存在的关键字阎" finished-at="2019-12-13T06:46:38Z">
          <exception class="java.lang.AssertionError">
            <message>
              <![CDATA[expected [true] but found [false]]]>
            </message>
            <full-stacktrace>
              <![CDATA[java.lang.AssertionError: expected [true] but found [false]
at org.testng.Assert.fail(Assert.java:96)
at org.testng.Assert.failNotEquals(Assert.java:776)
at org.testng.Assert.assertTrue(Assert.java:44)
at org.testng.Assert.assertTrue(Assert.java:54)
at com.edu.yanjie.system.basicmangement.company.SearchCompany.SearchCompany2(SearchCompany.java:38)
at sun.reflect.NativeMethodAccessorImpl.invoke0(Native Method)
at sun.reflect.NativeMethodAccessorImpl.invoke(NativeMethodAccessorImpl.java:62)
at sun.reflect.DelegatingMethodAccessorImpl.invoke(DelegatingMethodAccessorImpl.java:43)
at java.lang.reflect.Method.invoke(Method.java:498)
at org.testng.internal.MethodInvocationHelper.invokeMethod(MethodInvocationHelper.java:124)
at org.testng.internal.Invoker.invokeMethod(Invoker.java:583)
at org.testng.internal.Invoker.invokeTestMethod(Invoker.java:719)
at org.testng.internal.Invoker.invokeTestMethods(Invoker.java:989)
at org.testng.internal.TestMethodWorker.invokeTestMethods(TestMethodWorker.java:125)
at org.testng.internal.TestMethodWorker.run(TestMethodWorker.java:109)
at org.testng.TestRunner.privateRun(TestRunner.java:648)
at org.testng.TestRunner.run(TestRunner.java:505)
at org.testng.SuiteRunner.runTest(SuiteRunner.java:455)
at org.testng.SuiteRunner.runSequentially(SuiteRunner.java:450)
at org.testng.SuiteRunner.privateRun(SuiteRunner.java:415)
at org.testng.SuiteRunner.run(SuiteRunner.java:364)
at org.testng.SuiteRunnerWorker.runSuite(SuiteRunnerWorker.java:52)
at org.testng.SuiteRunnerWorker.run(SuiteRunnerWorker.java:84)
at org.testng.TestNG.runSuitesSequentially(TestNG.java:1208)
at org.testng.TestNG.runSuitesLocally(TestNG.java:1137)
at org.testng.TestNG.runSuites(TestNG.java:1049)
at org.testng.TestNG.run(TestNG.java:1017)
at org.testng.remote.AbstractRemoteTestNG.run(AbstractRemoteTestNG.java:115)
at org.testng.remote.RemoteTestNG.initAndRun(RemoteTestNG.java:251)
at org.testng.remote.RemoteTestNG.main(RemoteTestNG.java:77)
]]>
            </full-stacktrace>
          </exception> <!-- java.lang.AssertionError -->
          <reporter-output>
          </reporter-output>
        </test-method> <!-- SearchCompany2 -->
        <test-method status="PASS" signature="doAfterClass()[pri:0, instance:com.edu.yanjie.system.basicmangement.company.SearchCompany@eec5a4a]" name="doAfterClass" is-config="true" duration-ms="3896" started-at="2019-12-13T06:46:38Z" finished-at="2019-12-13T06:46:42Z">
          <reporter-output>
          </reporter-output>
        </test-method> <!-- doAfterClass -->
      </class> <!-- com.edu.yanjie.system.basicmangement.company.SearchCompany -->
    </test> <!-- test2 -->
  </suite> <!-- TestNGSuite -->
</testng-results>
